[    0.000000] Initializing cgroup subsys cpuset
[    0.000000] Initializing cgroup subsys cpu
[    0.000000] Initializing cgroup subsys cpuacct
[    0.000000] Linux version 4.4.0-157-generic (buildd@lgw01-amd64-037) (gcc version 5.4.0 20160609 (Ubuntu 5.4.0-6ubuntu1~16.04.10) ) #185-Ubuntu SMP Tue Jul 23 09:17:01 UTC 2019 (Ubuntu 4.4.0-157.185-generic 4.4.181)
[    0.000000] Command line: BOOT_IMAGE=/boot/vmlinuz-4.4.0-157-generic root=UUID=803a7da5-aa4e-4ca7-bfc1-40681fb9875c ro console=tty1 console=ttyS0
[    0.000000] KERNEL supported cpus:
[    0.000000]   Intel GenuineIntel
[    0.000000]   AMD AuthenticAMD
[    0.000000]   Centaur CentaurHauls
[    0.000000] x86/fpu: xstate_offset[2]:  576, xstate_sizes[2]:  256
[    0.000000] x86/fpu: Supporting XSAVE feature 0x01: 'x87 floating point registers'
[    0.000000] x86/fpu: Supporting XSAVE feature 0x02: 'SSE registers'
[    0.000000] x86/fpu: Supporting XSAVE feature 0x04: 'AVX registers'
[    0.000000] x86/fpu: Enabled xstate features 0x7, context size is 832 bytes, using 'standard' format.
[    0.000000] e820: BIOS-provided physical RAM map:
[    0.000000] BIOS-e820: [mem 0x0000000000000000-0x000000000009fbff] usable
[    0.000000] BIOS-e820: [mem 0x000000000009fc00-0x000000000009ffff] reserved
[    0.000000] BIOS-e820: [mem 0x00000000000f0000-0x00000000000fffff] reserved
[    0.000000] BIOS-e820: [mem 0x0000000000100000-0x000000003ffeffff] usable
[    0.000000] BIOS-e820: [mem 0x000000003fff0000-0x000000003fffffff] ACPI data
[    0.000000] BIOS-e820: [mem 0x00000000fec00000-0x00000000fec00fff] reserved
[    0.000000] BIOS-e820: [mem 0x00000000fee00000-0x00000000fee00fff] reserved
[    0.000000] BIOS-e820: [mem 0x00000000fffc0000-0x00000000ffffffff] reserved
[    0.000000] NX (Execute Disable) protection: active
[    0.000000] SMBIOS 2.5 present.
[    0.000000] Hypervisor detected: KVM
[    0.000000] e820: last_pfn = 0x3fff0 max_arch_pfn = 0x400000000
[    0.000000] MTRR: Disabled
[    0.000000] x86/PAT: MTRRs disabled, skipping PAT initialization too.
[    0.000000] CPU MTRRs all blank - virtualized system.
[    0.000000] x86/PAT: Configuration [0-7]: WB  WT  UC- UC  WB  WT  UC- UC  
[    0.000000] found SMP MP-table at [mem 0x0009fff0-0x0009ffff] mapped at [ffff88000009fff0]
[    0.000000] Scanning 1 areas for low memory corruption
[    0.000000] RAMDISK: [mem 0x361e8000-0x370ebfff]
[    0.000000] ACPI: Early table checksum verification disabled
[    0.000000] ACPI: RSDP 0x00000000000E0000 000024 (v02 VBOX  )
[    0.000000] ACPI: XSDT 0x000000003FFF0030 00003C (v01 VBOX   VBOXXSDT 00000001 ASL  00000061)
[    0.000000] ACPI: FACP 0x000000003FFF00F0 0000F4 (v04 VBOX   VBOXFACP 00000001 ASL  00000061)
[    0.000000] ACPI: DSDT 0x000000003FFF0470 0022EA (v02 VBOX   VBOXBIOS 00000002 INTL 20100528)
[    0.000000] ACPI: FACS 0x000000003FFF0200 000040
[    0.000000] ACPI: FACS 0x000000003FFF0200 000040
[    0.000000] ACPI: APIC 0x000000003FFF0240 00005C (v02 VBOX   VBOXAPIC 00000001 ASL  00000061)
[    0.000000] ACPI: SSDT 0x000000003FFF02A0 0001CC (v01 VBOX   VBOXCPUT 00000002 INTL 20100528)
[    0.000000] No NUMA configuration found
[    0.000000] Faking a node at [mem 0x0000000000000000-0x000000003ffeffff]
[    0.000000] NODE_DATA(0) allocated [mem 0x3ffeb000-0x3ffeffff]
[    0.000000] kvm-clock: Using msrs 4b564d01 and 4b564d00
[    0.000000] kvm-clock: cpu 0, msr 0:3ffe3001, primary cpu clock
[    0.000000] kvm-clock: using sched offset of 3917089384 cycles
[    0.000000] clocksource: kvm-clock: mask: 0xffffffffffffffff max_cycles: 0x1cd42e4dffb, max_idle_ns: 881590591483 ns
[    0.000000] Zone ranges:
[    0.000000]   DMA      [mem 0x0000000000001000-0x0000000000ffffff]
[    0.000000]   DMA32    [mem 0x0000000001000000-0x000000003ffeffff]
[    0.000000]   Normal   empty
[    0.000000]   Device   empty
[    0.000000] Movable zone start for each node
[    0.000000] Early memory node ranges
[    0.000000]   node   0: [mem 0x0000000000001000-0x000000000009efff]
[    0.000000]   node   0: [mem 0x0000000000100000-0x000000003ffeffff]
[    0.000000] Initmem setup node 0 [mem 0x0000000000001000-0x000000003ffeffff]
[    0.000000] ACPI: PM-Timer IO Port: 0x4008
[    0.000000] IOAPIC[0]: apic_id 2, version 32, address 0xfec00000, GSI 0-23
[    0.000000] ACPI: INT_SRC_OVR (bus 0 bus_irq 0 global_irq 2 dfl dfl)
[    0.000000] ACPI: INT_SRC_OVR (bus 0 bus_irq 9 global_irq 9 low level)
[    0.000000] Using ACPI (MADT) for SMP configuration information
[    0.000000] smpboot: Allowing 2 CPUs, 0 hotplug CPUs
[    0.000000] PM: Registered nosave memory: [mem 0x00000000-0x00000fff]
[    0.000000] PM: Registered nosave memory: [mem 0x0009f000-0x0009ffff]
[    0.000000] PM: Registered nosave memory: [mem 0x000a0000-0x000effff]
[    0.000000] PM: Registered nosave memory: [mem 0x000f0000-0x000fffff]
[    0.000000] e820: [mem 0x40000000-0xfebfffff] available for PCI devices
[    0.000000] Booting paravirtualized kernel on KVM
[    0.000000] clocksource: refined-jiffies: mask: 0xffffffff max_cycles: 0xffffffff, max_idle_ns: 7645519600211568 ns
[    0.000000] setup_percpu: NR_CPUS:512 nr_cpumask_bits:512 nr_cpu_ids:2 nr_node_ids:1
[    0.000000] PERCPU: Embedded 34 pages/cpu @ffff88003fc00000 s99544 r8192 d31528 u1048576
[    0.000000] Built 1 zonelists in Node order, mobility grouping on.  Total pages: 257912
[    0.000000] Policy zone: DMA32
[    0.000000] Kernel command line: BOOT_IMAGE=/boot/vmlinuz-4.4.0-157-generic root=UUID=803a7da5-aa4e-4ca7-bfc1-40681fb9875c ro console=tty1 console=ttyS0
[    0.000000] PID hash table entries: 4096 (order: 3, 32768 bytes)
[    0.000000] Memory: 997184K/1048120K available (8618K kernel code, 1335K rwdata, 4032K rodata, 1484K init, 1284K bss, 50936K reserved, 0K cma-reserved)
[    0.000000] SLUB: HWalign=64, Order=0-3, MinObjects=0, CPUs=2, Nodes=1
[    0.000000] Kernel/User page tables isolation: enabled
[    0.000000] Hierarchical RCU implementation.
[    0.000000] 	Build-time adjustment of leaf fanout to 64.
[    0.000000] 	RCU restricting CPUs from NR_CPUS=512 to nr_cpu_ids=2.
[    0.000000] RCU: Adjusting geometry for rcu_fanout_leaf=64, nr_cpu_ids=2
[    0.000000] NR_IRQS:33024 nr_irqs:440 16
[    0.000000] Console: colour VGA+ 80x25
[    0.000000] console [tty1] enabled
[    0.000000] console [ttyS0] enabled
[    0.000000] tsc: Detected 2194.918 MHz processor
[    0.177888] Calibrating delay loop (skipped) preset value.. 4389.83 BogoMIPS (lpj=8779672)
[    0.180313] pid_max: default: 32768 minimum: 301
[    0.181551] ACPI: Core revision 20150930
[    0.183348] ACPI: 2 ACPI AML tables successfully acquired and loaded
[    0.185132] Security Framework initialized
[    0.186199] Yama: becoming mindful.
[    0.187149] AppArmor: AppArmor initialized
[    0.188281] Dentry cache hash table entries: 131072 (order: 8, 1048576 bytes)
[    0.191970] Inode-cache hash table entries: 65536 (order: 7, 524288 bytes)
[    0.193767] Mount-cache hash table entries: 2048 (order: 2, 16384 bytes)
[    0.195722] Mountpoint-cache hash table entries: 2048 (order: 2, 16384 bytes)
[    0.197978] Initializing cgroup subsys io
[    0.199106] Initializing cgroup subsys memory
[    0.200308] Initializing cgroup subsys devices
[    0.201746] Initializing cgroup subsys freezer
[    0.202951] Initializing cgroup subsys net_cls
[    0.204151] Initializing cgroup subsys perf_event
[    0.205546] Initializing cgroup subsys net_prio
[    0.206818] Initializing cgroup subsys hugetlb
[    0.208022] Initializing cgroup subsys pids
[    0.210221] mce: CPU supports 0 MCE banks
[    0.211494] Last level iTLB entries: 4KB 1024, 2MB 1024, 4MB 1024
[    0.213212] Last level dTLB entries: 4KB 1024, 2MB 1024, 4MB 1024, 1GB 4
[    0.215080] Spectre V2 : Mitigation: Full generic retpoline
[    0.216793] Spectre V2 : Spectre v2 / SpectreRSB mitigation: Filling RSB on context switch
[    0.219292] Speculative Store Bypass: Vulnerable
[    0.220617] MDS: Mitigation: Clear CPU buffers
[    0.224564] Freeing SMP alternatives memory: 36K
[    0.231266] ftrace: allocating 32312 entries in 127 pages
[    0.293226] smpboot: APIC(0) Converting physical 0 to logical package 0
[    0.295234] smpboot: Max logical packages: 1
[    0.296815] x2apic enabled
[    0.297852] Switched APIC routing to physical x2apic.
[    0.300213] ..TIMER: vector=0x30 apic1=0 pin1=2 apic2=-1 pin2=-1
[    0.408617] smpboot: CPU0: Intel(R) Core(TM) i7-4770HQ CPU @ 2.20GHz (family: 0x6, model: 0x46, stepping: 0x1)
[    0.412409] Performance Events: unsupported p6 CPU model 70 no PMU driver, software events only.
[    0.425071] KVM setup paravirtual spinlock
[    0.426972] x86: Booting SMP configuration:
[    0.428301] .... node  #0, CPUs:      #1
[    0.429749] kvm-clock: cpu 1, msr 0:3ffe3041, secondary cpu clock
[    0.431991] mce: CPU supports 0 MCE banks
[    0.434865] x86: Booted up 1 node, 2 CPUs
[    0.436271] smpboot: Total of 2 processors activated (8779.67 BogoMIPS)
[    0.438628] devtmpfs: initialized
[    0.441077] evm: security.selinux
[    0.442181] evm: security.SMACK64
[    0.443425] evm: security.SMACK64EXEC
[    0.444451] evm: security.SMACK64TRANSMUTE
[    0.445609] evm: security.SMACK64MMAP
[    0.446684] evm: security.ima
[    0.447666] evm: security.capability
[    0.449118] clocksource: jiffies: mask: 0xffffffff max_cycles: 0xffffffff, max_idle_ns: 7645041785100000 ns
[    0.452133] futex hash table entries: 512 (order: 3, 32768 bytes)
[    0.453953] pinctrl core: initialized pinctrl subsystem
[    0.455473] RTC time:  6:25:45, date: 07/30/19
[    0.456905] NET: Registered protocol family 16
[    0.469228] cpuidle: using governor ladder
[    0.481413] cpuidle: using governor menu
[    0.483631] PCCT header not found.
[    0.485344] ACPI: bus type PCI registered
[    0.486981] acpiphp: ACPI Hot Plug PCI Controller Driver version: 0.5
[    0.489359] PCI: Using configuration type 1 for base access
[    0.505397] ACPI: Added _OSI(Module Device)
[    0.507189] ACPI: Added _OSI(Processor Device)
[    0.508833] ACPI: Added _OSI(3.0 _SCP Extensions)
[    0.510624] ACPI: Added _OSI(Processor Aggregator Device)
[    0.513235] ACPI: Executed 1 blocks of module-level executable AML code
[    0.517186] ACPI: Interpreter enabled
[    0.518337] ACPI: (supports S0 S5)
[    0.519610] ACPI: Using IOAPIC for interrupt routing
[    0.521478] PCI: Using host bridge windows from ACPI; if necessary, use "pci=nocrs" and report a bug
[    0.528638] ACPI: PCI Root Bridge [PCI0] (domain 0000 [bus 00-ff])
[    0.530253] acpi PNP0A03:00: _OSC: OS supports [ASPM ClockPM Segments MSI]
[    0.532377] acpi PNP0A03:00: _OSC: not requesting OS control; OS requires [ExtendedConfig ASPM ClockPM MSI]
[    0.535063] acpi PNP0A03:00: fail to add MMCONFIG information, can't access extended PCI configuration space under this bridge.
[    0.538536] PCI host bridge to bus 0000:00
[    0.539731] pci_bus 0000:00: root bus resource [io  0x0000-0x0cf7 window]
[    0.541494] pci_bus 0000:00: root bus resource [io  0x0d00-0xffff window]
[    0.543298] pci_bus 0000:00: root bus resource [mem 0x000a0000-0x000bffff window]
[    0.545445] pci_bus 0000:00: root bus resource [mem 0x40000000-0xfdffffff window]
[    0.547674] pci_bus 0000:00: root bus resource [bus 00-ff]
[    0.553021] pci 0000:00:01.1: legacy IDE quirk: reg 0x10: [io  0x01f0-0x01f7]
[    0.554937] pci 0000:00:01.1: legacy IDE quirk: reg 0x14: [io  0x03f6]
[    0.556679] pci 0000:00:01.1: legacy IDE quirk: reg 0x18: [io  0x0170-0x0177]
[    0.558525] pci 0000:00:01.1: legacy IDE quirk: reg 0x1c: [io  0x0376]
[    0.576406] pci 0000:00:07.0: quirk: [io  0x4000-0x403f] claimed by PIIX4 ACPI
[    0.587589] pci 0000:00:07.0: quirk: [io  0x4100-0x410f] claimed by PIIX4 SMB
[    0.601333] ACPI: PCI Interrupt Link [LNKA] (IRQs 5 9 10 *11)
[    0.603750] ACPI: PCI Interrupt Link [LNKB] (IRQs 5 9 *10 11)
[    0.606016] ACPI: PCI Interrupt Link [LNKC] (IRQs 5 *9 10 11)
[    0.608158] ACPI: PCI Interrupt Link [LNKD] (IRQs 5 9 10 *11)
[    0.610340] ACPI: Enabled 2 GPEs in block 00 to 07
[    0.612365] vgaarb: setting as boot device: PCI:0000:00:02.0
[    0.613998] vgaarb: device added: PCI:0000:00:02.0,decodes=io+mem,owns=io+mem,locks=none
[    0.616554] vgaarb: loaded
[    0.617519] vgaarb: bridge control possible 0000:00:02.0
[    0.619339] SCSI subsystem initialized
[    0.620709] ACPI: bus type USB registered
[    0.621948] usbcore: registered new interface driver usbfs
[    0.623725] usbcore: registered new interface driver hub
[    0.625361] usbcore: registered new device driver usb
[    0.627272] PCI: Using ACPI for IRQ routing
[    0.628895] NetLabel: Initializing
[    0.629909] NetLabel:  domain hash size = 128
[    0.631186] NetLabel:  protocols = UNLABELED CIPSOv4
[    0.634105] NetLabel:  unlabeled traffic allowed by default
[    0.635798] amd_nb: Cannot enumerate AMD northbridges
[    0.637283] clocksource: Switched to clocksource kvm-clock
[    0.648180] AppArmor: AppArmor Filesystem Enabled
[    0.650100] pnp: PnP ACPI init
[    0.652858] pnp: PnP ACPI: found 3 devices
[    0.668025] clocksource: acpi_pm: mask: 0xffffff max_cycles: 0xffffff, max_idle_ns: 2085701024 ns
[    0.670955] NET: Registered protocol family 2
[    0.672531] TCP established hash table entries: 8192 (order: 4, 65536 bytes)
[    0.674733] TCP bind hash table entries: 8192 (order: 5, 131072 bytes)
[    0.676882] TCP: Hash tables configured (established 8192 bind 8192)
[    0.678833] UDP hash table entries: 512 (order: 2, 16384 bytes)
[    0.680788] UDP-Lite hash table entries: 512 (order: 2, 16384 bytes)
[    0.682806] NET: Registered protocol family 1
[    0.684170] pci 0000:00:00.0: Limiting direct PCI/PCI transfers
[    0.686292] pci 0000:00:01.0: Activating ISA DMA hang workarounds
[    0.688143] Unpacking initramfs...
[    0.907874] Freeing initrd memory: 15376K
[    0.909266] clocksource: tsc: mask: 0xffffffffffffffff max_cycles: 0x1fa37202099, max_idle_ns: 440795206796 ns
[    0.912294] platform rtc_cmos: registered platform RTC device (no PNP device found)
[    0.914691] Scanning for low memory corruption every 60 seconds
[    0.916598] audit: initializing netlink subsys (disabled)
[    0.918218] audit: type=2000 audit(1564467950.500:1): initialized
[    0.920431] Initialise system trusted keyring
[    0.921888] HugeTLB registered 2 MB page size, pre-allocated 0 pages
[    0.924679] zbud: loaded
[    0.925914] VFS: Disk quotas dquot_6.6.0
[    0.927030] VFS: Dquot-cache hash table entries: 512 (order 0, 4096 bytes)
[    0.928994] squashfs: version 4.0 (2009/01/31) Phillip Lougher
[    0.931013] fuse init (API version 7.23)
[    0.932297] Key type big_key registered
[    0.933344] Allocating IMA MOK and blacklist keyrings.
[    0.937057] Key type asymmetric registered
[    0.938244] Asymmetric key parser 'x509' registered
[    0.939836] Block layer SCSI generic (bsg) driver version 0.4 loaded (major 249)
[    0.941859] io scheduler noop registered
[    0.942990] io scheduler deadline registered (default)
[    0.944441] io scheduler cfq registered
[    0.945594] pci_hotplug: PCI Hot Plug PCI Core version: 0.5
[    0.947344] pciehp: PCI Express Hot Plug Controller Driver version: 0.4
[    0.949406] ACPI: AC Adapter [AC] (on-line)
[    0.950856] input: Power Button as /devices/LNXSYSTM:00/LNXPWRBN:00/input/input0
[    0.952946] ACPI: Power Button [PWRF]
[    0.954094] input: Sleep Button as /devices/LNXSYSTM:00/LNXSLPBN:00/input/input1
[    0.956072] ACPI: Sleep Button [SLPF]
[    0.957322] GHES: HEST is not enabled!
[    0.958442] ACPI: Battery Slot [BAT0] (battery present)
[    0.960163] Serial: 8250/16550 driver, 32 ports, IRQ sharing enabled
[    0.982505] 00:02: ttyS0 at I/O 0x3f8 (irq = 4, base_baud = 115200) is a 16550A
[    0.988239] Linux agpgart interface v0.103
[    0.994244] loop: module loaded
[    0.995824] scsi host0: ata_piix
[    0.997008] scsi host1: ata_piix
[    0.998174] ata1: PATA max UDMA/33 cmd 0x1f0 ctl 0x3f6 bmdma 0xd000 irq 14
[    0.999899] ata2: PATA max UDMA/33 cmd 0x170 ctl 0x376 bmdma 0xd008 irq 15
[    1.001750] libphy: Fixed MDIO Bus: probed
[    1.003175] tun: Universal TUN/TAP device driver, 1.6
[    1.004650] tun: (C) 1999-2004 Max Krasnyansky <maxk@qualcomm.com>
[    1.006672] PPP generic driver version 2.4.2
[    1.008284] ehci_hcd: USB 2.0 'Enhanced' Host Controller (EHCI) Driver
[    1.010246] ehci-pci: EHCI PCI platform driver
[    1.011669] ehci-platform: EHCI generic platform driver
[    1.013124] ohci_hcd: USB 1.1 'Open' Host Controller (OHCI) Driver
[    1.014892] ohci-pci: OHCI PCI platform driver
[    1.016103] ohci-platform: OHCI generic platform driver
[    1.017468] uhci_hcd: USB Universal Host Controller Interface driver
[    1.019181] i8042: PNP: PS/2 Controller [PNP0303:PS2K,PNP0f03:PS2M] at 0x60,0x64 irq 1,12
[    1.021842] serio: i8042 KBD port at 0x60,0x64 irq 1
[    1.023216] serio: i8042 AUX port at 0x60,0x64 irq 12
[    1.024848] mousedev: PS/2 mouse device common for all mice
[    1.026933] input: AT Translated Set 2 keyboard as /devices/platform/i8042/serio0/input/input2
[    1.029973] rtc_cmos rtc_cmos: rtc core: registered rtc_cmos as rtc0
[    1.031897] rtc_cmos rtc_cmos: alarms up to one day, 114 bytes nvram
[    1.033792] i2c /dev entries driver
[    1.034966] device-mapper: uevent: version 1.0.3
[    1.036298] device-mapper: ioctl: 4.34.0-ioctl (2015-10-28) initialised: dm-devel@redhat.com
[    1.038680] ledtrig-cpu: registered to indicate activity on CPUs
[    1.041098] NET: Registered protocol family 10
[    1.042743] NET: Registered protocol family 17
[    1.044063] Key type dns_resolver registered
[    1.046063] registered taskstats version 1
[    1.047228] Loading compiled-in X.509 certificates
[    1.049082] Loaded X.509 cert 'Build time autogenerated kernel key: 3e01e6df98386236d59670e6b2ed19a044d5324e'
[    1.051846] zswap: loaded using pool lzo/zbud
[    1.055583] Key type trusted registered
[    1.060565] Key type encrypted registered
[    1.061774] AppArmor: AppArmor sha1 policy hashing enabled
[    1.063204] ima: No TPM chip found, activating TPM-bypass!
[    1.064755] ima: Allocated hash algorithm: sha1
[    1.066130] evm: HMAC attrs: 0x1
[    1.067626]   Magic number: 11:270:419
[    1.068892] rtc_cmos rtc_cmos: setting system clock to 2019-07-30 06:25:45 UTC (1564467945)
[    1.071756] BIOS EDD facility v0.16 2004-Jun-25, 0 devices found
[    1.073701] EDD information not available.
[    1.159530] Freeing unused kernel memory: 1484K
[    1.161837] Write protecting the kernel read-only data: 14336k
[    1.164718] Freeing unused kernel memory: 1612K
[    1.166594] Freeing unused kernel memory: 64K
Loading, please wait...
starting version 229
[    1.182521] random: systemd-udevd: uninitialized urandom read (16 bytes read, 2 bits of entropy available)
[    1.182722] random: udevadm: uninitialized urandom read (16 bytes read, 2 bits of entropy available)
[    1.182748] random: udevadm: uninitialized urandom read (16 bytes read, 2 bits of entropy available)
[    1.190437] random: udevadm: uninitialized urandom read (16 bytes read, 2 bits of entropy available)
[    1.190476] random: udevadm: uninitialized urandom read (16 bytes read, 2 bits of entropy available)
[    1.190598] random: udevadm: uninitialized urandom read (16 bytes read, 2 bits of entropy available)
[    1.190640] random: udevadm: uninitialized urandom read (16 bytes read, 2 bits of entropy available)
[    1.190684] random: udevadm: uninitialized urandom read (16 bytes read, 2 bits of entropy available)
[    1.190730] random: udevadm: uninitialized urandom read (16 bytes read, 2 bits of entropy available)
[    1.190773] random: udevadm: uninitialized urandom read (16 bytes read, 2 bits of entropy available)
[    1.231949] e1000: Intel(R) PRO/1000 Network Driver - version 7.3.21-k8-NAPI
[    1.234089] e1000: Copyright (c) 1999-2006 Intel Corporation.
[    1.238041] Fusion MPT base driver 3.04.20
[    1.239418] Copyright (c) 1999-2008 LSI Corporation
[    1.263253] AVX2 version of gcm_enc/dec engaged.
[    1.264885] AES CTR mode by8 optimization enabled
[    1.266805] Fusion MPT SPI Host driver 3.04.20
[    1.448177] input: ImExPS/2 Generic Explorer Mouse as /devices/platform/i8042/serio1/input/input4
[    1.652604] e1000 0000:00:03.0 eth0: (PCI:33MHz:32-bit) 02:dc:27:67:22:a8
[    1.654648] e1000 0000:00:03.0 eth0: Intel(R) PRO/1000 Network Connection
[    1.657350] mptbase: ioc0: Initiating bringup
[    1.722342] ioc0: LSI53C1030 A0: Capabilities={Initiator}
[    1.890246] scsi host2: ioc0: LSI53C1030 A0, FwRev=00000000h, Ports=1, MaxQ=256, IRQ=20
[    2.002167] scsi 2:0:0:0: Direct-Access     VBOX     HARDDISK         1.0  PQ: 0 ANSI: 5
[    2.005727] scsi target2:0:0: Beginning Domain Validation
[    2.010240] scsi target2:0:0: Domain Validation skipping write tests
[    2.011948] scsi target2:0:0: Ending Domain Validation
[    2.013391] scsi target2:0:0: asynchronous
[    2.015629] scsi 2:0:1:0: Direct-Access     VBOX     HARDDISK         1.0  PQ: 0 ANSI: 5
[    2.017788] scsi target2:0:1: Beginning Domain Validation
[    2.021866] scsi target2:0:1: Domain Validation skipping write tests
[    2.023439] scsi target2:0:1: Ending Domain Validation
[    2.024980] scsi target2:0:1: asynchronous
[    2.033326] sd 2:0:0:0: Attached scsi generic sg0 type 0
[    2.035050] sd 2:0:0:0: [sda] 20971520 512-byte logical blocks: (10.7 GB/10.0 GiB)
[    2.047300] sd 2:0:1:0: Attached scsi generic sg1 type 0
[    2.049534] sd 2:0:1:0: [sdb] 20480 512-byte logical blocks: (10.5 MB/10.0 MiB)
[    2.049718] sd 2:0:0:0: [sda] Write Protect is off
[    2.049916] sd 2:0:0:0: [sda] Incomplete mode parameter data
[    2.049917] sd 2:0:0:0: [sda] Assuming drive cache: write through
[    2.052934]  sda: sda1
[    2.057548] sd 2:0:1:0: [sdb] Write Protect is off
[    2.059188] sd 2:0:1:0: [sdb] Incomplete mode parameter data
[    2.060728] sd 2:0:1:0: [sdb] Assuming drive cache: write through
[    2.065404] sd 2:0:1:0: [sdb] Attached SCSI disk
[    2.069282] sd 2:0:0:0: [sda] Attached SCSI disk
[    2.417794] e1000 0000:00:08.0 eth1: (PCI:33MHz:32-bit) 08:00:27:ff:ce:28
[    2.419780] e1000 0000:00:08.0 eth1: Intel(R) PRO/1000 Network Connection
[    2.423111] e1000 0000:00:08.0 enp0s8: renamed from eth1
[    2.434303] e1000 0000:00:03.0 enp0s3: renamed from eth0
Begin: Loading essential drivers ... [    3.745562] md: linear personality registered for level -1
[    3.749618] md: multipath personality registered for level -4
[    3.753666] md: raid0 personality registered for level 0
[    3.759315] md: raid1 personality registered for level 1
[    3.829341] raid6: sse2x1   gen() 10201 MB/s
[    3.901793] raid6: sse2x1   xor()  8435 MB/s
[    3.969369] raid6: sse2x2   gen() 12529 MB/s
[    4.037300] raid6: sse2x2   xor()  7802 MB/s
[    4.105613] raid6: sse2x4   gen() 14673 MB/s
[    4.174764] raid6: sse2x4   xor() 10274 MB/s
[    4.245234] raid6: avx2x1   gen() 20558 MB/s
[    4.314191] raid6: avx2x2   gen() 23202 MB/s
[    4.381539] raid6: avx2x4   gen() 26073 MB/s
[    4.382846] raid6: using algorithm avx2x4 gen() 26073 MB/s
[    4.384572] raid6: using avx2x2 recovery algorithm
[    4.387421] xor: automatically using best checksumming function:
[    4.425550]    avx       : 28972.000 MB/sec
[    4.428145] async_tx: api initialized (async)
[    4.441340] md: raid6 personality registered for level 6
[    4.442941] md: raid5 personality registered for level 5
[    4.444485] md: raid4 personality registered for level 4
[    4.452557] md: raid10 personality registered for level 10
done.
Begin: Running /scripts/init-premount ... done.
Begin: Mounting root file system ... Begin: Running /scripts/local-top ... done.
Begin: Running /scripts/local-premount ... [    4.483194] Btrfs loaded
Scanning for Btrfs filesystems
done.
Warning: fsck not present, so skipping root file system
[    4.515593] EXT4-fs (sda1): mounted filesystem with ordered data mode. Opts: (null)
done.
Begin: Running /scripts/local-bottom ... done.
Begin: Running /scripts/init-bottom ... done.
[    4.617606] systemd[1]: systemd 229 running in system mode. (+PAM +AUDIT +SELINUX +IMA +APPARMOR +SMACK +SYSVINIT +UTMP +LIBCRYPTSETUP +GCRYPT +GNUTLS +ACL +XZ -LZ4 +SECCOMP +BLKID +ELFUTILS +KMOD -IDN)
[    4.622495] systemd[1]: Detected virtualization oracle.
[    4.624035] systemd[1]: Detected architecture x86-64.

Welcome to [1mUbuntu 16.04.6 LTS[0m!

[    4.635915] systemd[1]: Set hostname to <beta>.
[    4.775628] systemd[1]: Listening on Journal Socket.
[[0;32m  OK  [0m] Listening on Journal Socket.
[    4.778082] systemd[1]: Listening on Journal Audit Socket.
[[0;32m  OK  [0m] Listening on Journal Audit Socket.
[    4.780563] systemd[1]: Listening on Device-mapper event daemon FIFOs.
[[0;32m  OK  [0m] Listening on Device-mapper event daemon FIFOs.
[    4.783751] systemd[1]: Reached target System Time Synchronized.
[[0;32m  OK  [0m] Reached target System Time Synchronized.
[    4.786878] systemd[1]: Listening on /dev/initctl Compatibility Named Pipe.
[[0;32m  OK  [0m] Listening on /dev/initctl Compatibility Named Pipe.
[    4.798641] systemd[1]: Set up automount Arbitrary Executable File Formats File System Automount Point.
[[0;32m  OK  [0m] Set up automount Arbitrary Executab...ats File System Automount Point.
[    4.804921] systemd[1]: Started Trigger resolvconf update for networkd DNS.
[[0;32m  OK  [0m] Started Trigger resolvconf update for networkd DNS.
[    4.814946] systemd[1]: Created slice User and Session Slice.
[[0;32m  OK  [0m] Created slice User and Session Slice.
[    4.819231] systemd[1]: Reached target User and Group Name Lookups.
[[0;32m  OK  [0m] Reached target User and Group Name Lookups.
[    4.830062] systemd[1]: Listening on udev Control Socket.
[[0;32m  OK  [0m] Listening on udev Control Socket.
[    4.833611] systemd[1]: Listening on Journal Socket (/dev/log).
[[0;32m  OK  [0m] Listening on Journal Socket (/dev/log).
[    4.842638] systemd[1]: Created slice System Slice.
[[0;32m  OK  [0m] Created slice System Slice.
[    4.857548] systemd[1]: Mounting Debug File System...
         Mounting Debug File System...
[    4.865128] systemd[1]: Starting Load Kernel Modules...
         Starting Load Kernel Modules...
[    4.870542] systemd[1]: Starting Remount Root and Kernel File Systems...
         Starting Remount Root and Kernel File Systems...
[    4.873905] systemd[1]: Reached target Slices.
[    4.875414] EXT4-fs (sda1): re-mounted. Opts: (null)
[[0;32m  OK  [0m] Reached target Slices.
[    4.878102] systemd[1]: Starting Create list of required static device nodes for the current kernel...
         Starting Create list of required st... nodes for the current kernel...
[    4.882708] Loading iSCSI transport class v2.0-870.
[    4.885481] systemd[1]: Starting Uncomplicated firewall...
         Starting Uncomplicated firewall...
[    4.892041] iscsi: registered transport (tcp)
[    4.894253] systemd[1]: Mounting POSIX Message Queue File System...
         Mounting POSIX Message Queue File System...
[    4.897248] systemd[1]: Listening on LVM2 poll daemon socket.
[[0;32m  OK  [0m] Listening on LVM2 poll daemon socket.
[    4.906101] systemd[1]: Starting Set console keymap...
         Starting Set console keymap...
[    4.909299] systemd[1]: Created slice system-serial\x2dgetty.slice.
[[0;32m  OK  [0m] Created slice system-serial\x2dgetty.slice.
[    4.913856] systemd[1]: Reached target Swap.
[[0;32m  OK  [0m] Reached target Swap.
[    4.924482] systemd[1]: Started Forward Password Requests to Wall Directory Watch.
[[0;32m  OK  [0m] Started Forward Password Requests to Wall Directory Watch.
[    4.928353] systemd[1]: Listening on udev Kernel Socket.
[[0;32m  OK  [0m] Listening on udev Kernel Socket.
[    4.931445] systemd[1]: Listening on Syslog Socket.
[    4.933176] iscsi: registered transport (iser)
[[0;32m  OK  [0m] Listening on Syslog Socket.
[    4.957557] systemd[1]: Starting Journal Service...
         Starting Journal Service...
[    4.960005] systemd[1]: Listening on LVM2 metadata daemon socket.
[[0;32m  OK  [0m] Listening on LVM2 metadata daemon socket.
[    4.964100] systemd[1]: Starting Monitoring of LVM2 mirrors, snapshots etc. using dmeventd or progress polling...
         Starting Monitoring of LVM2 mirrors... dmeventd or progress polling...
[    4.970816] systemd[1]: Mounting Huge Pages File System...
         Mounting Huge Pages File System...
[    4.973634] systemd[1]: Reached target Encrypted Volumes.
[[0;32m  OK  [0m] Reached target Encrypted Volumes.
[    4.982564] systemd[1]: Starting Nameserver information manager...
         Starting Nameserver information manager...
[    4.986599] systemd[1]: Mounted POSIX Message Queue File System.
[[0;32m  OK  [0m] Mounted POSIX Message Queue File System.
[    4.989510] systemd[1]: Mounted Debug File System.
[[0;32m  OK  [0m] Mounted Debug File System.
[    4.992002] systemd[1]: Mounted Huge Pages File System.
[[0;32m  OK  [0m] Mounted Huge Pages File System.
[    4.996168] systemd[1]: Started Journal Service.
[[0;32m  OK  [0m] Started Journal Service.
[[0;32m  OK  [0m] Started Load Kernel Modules.
[[0;32m  OK  [0m] Started Remount Root and Kernel File Systems.
[[0;32m  OK  [0m] Started Create list of required sta...ce nodes for the current kernel.
[[0;32m  OK  [0m] Started Uncomplicated firewall.
[[0;32m  OK  [0m] Started Set console keymap.
[[0;32m  OK  [0m] Started Nameserver information manager.
[[0;32m  OK  [0m] Started LVM2 metadata daemon.
         Starting Create Static Device Nodes in /dev...
         Starting Load/Save Random Seed...
         Starting udev Coldplug all Devices...
         Starting Apply Kernel Variables...
         Mounting FUSE Control File System...
         Starting Flush Journal to Persistent Storage...
[[0;32m  OK  [0m] Started Load/Save Random Seed.
[[0;32m  OK  [0m] Mounted FUSE Control File System.
[[0;32m  OK  [0m] Started Create Static Device Nodes in /dev.
[[0;32m  OK  [0m] Started Apply Kernel Variables.
[[0;32m  OK  [0m] Started Flush Journal to Persistent Storage.
[[0;32m  OK  [0m] Started udev Coldplug all Devices.
         Starting udev Kernel Device Manager...
[[0;32m  OK  [0m] Started udev Kernel Device Manager.
[[0;32m  OK  [0m] Started Dispatch Password Requests to Console Directory Watch.
[[0;32m  OK  [0m] Started Monitoring of LVM2 mirrors,...ng dmeventd or progress polling.
[[0;32m  OK  [0m] Reached target Local File Systems (Pre).
[[0;32m  OK  [0m] Reached target Local File Systems.
         Starting Initial cloud-init job (pre-networking)...
         Starting Set console font and keymap...
         Starting LSB: AppArmor initialization...
         Starting Tell Plymouth To Write Out Runtime Data...
         Starting Create Volatile Files and Directories...
[[0;32m  OK  [0m] Found device /dev/ttyS0.
[[0;32m  OK  [0m] Started Tell Plymouth To Write Out Runtime Data.
[[0;32m  OK  [0m] Started Create Volatile Files and Directories.
         Starting Update UTMP about System Boot/Shutdown...
[[0;32m  OK  [0m] Started Update UTMP about System Boot/Shutdown.
[[0;32m  OK  [0m] Listening on Load/Save RF Kill Switch Status /dev/rfkill Watch.
[[0;32m  OK  [0m] Started LSB: AppArmor initialization.
[[0;32m  OK  [0m] Found device 82540EM Gigabit Ethern...r (PRO/1000 MT Desktop Adapter).
[[0;32m  OK  [0m] Found device 82540EM Gigabit Ethern...r (PRO/1000 MT Desktop Adapter).
[    6.010565] cloud-init[497]: Cloud-init v. 19.1-1-gbaa47854-0ubuntu1~16.04.1 running 'init-local' at Tue, 30 Jul 2019 06:25:50 +0000. Up 5.70 seconds.
[[0;32m  OK  [0m] Started Initial cloud-init job (pre-networking).
[[0;32m  OK  [0m] Reached target Network (Pre).
[[0;32m  OK  [0m] Started ifup for enp0s8.
[[0;32m  OK  [0m] Started ifup for enp0s3.
         Starting Raise network interfaces...
[[0;32m  OK  [0m] Started Set console font and keymap.
[[0;32m  OK  [0m] Created slice system-getty.slice.
[[0;32m  OK  [0m] Started Raise network interfaces.
         Starting Initial cloud-init job (metadata service crawler)...
[[0;32m  OK  [0m] Reached target Network.
[    6.823904] cloud-init[1078]: Cloud-init v. 19.1-1-gbaa47854-0ubuntu1~16.04.1 running 'init' at Tue, 30 Jul 2019 06:25:51 +0000. Up 6.58 seconds.
[    6.825750] cloud-init[1078]: ci-info: ++++++++++++++++++++++++++++++++++++++Net device info+++++++++++++++++++++++++++++++++++++++
[    6.832645] cloud-init[1078]: ci-info: +--------+------+-----------------------------+---------------+--------+-------------------+
[    6.835131] cloud-init[1078]: ci-info: | Device |  Up  |           Address           |      Mask     | Scope  |     Hw-Address    |
[    6.838079] cloud-init[1078]: ci-info: +--------+------+-----------------------------+---------------+--------+-------------------+
[    6.840811] cloud-init[1078]: ci-info: | enp0s3 | True |          10.0.2.15          | 255.255.255.0 | global | 02:dc:27:67:22:a8 |
[    6.848694] cloud-init[1078]: ci-info: | enp0s3 | True |  fe80::dc:27ff:fe67:22a8/64 |       .       |  link  | 02:dc:27:67:22:a8 |
[    6.856708] cloud-init[1078]: ci-info: | enp0s8 | True |        192.168.55.11        | 255.255.255.0 | global | 08:00:27:ff:ce:28 |
[    6.858582] cloud-init[1078]: ci-info: | enp0s8 | True | fe80::a00:27ff:feff:ce28/64 |       .       |  link  | 08:00:27:ff:ce:28 |
[    6.860501] cloud-init[1078]: ci-info: |   lo   | True |          127.0.0.1          |   255.0.0.0   |  host  |         .         |
[    6.862661] cloud-init[1078]: ci-info: |   lo   | True |           ::1/128           |       .       |  host  |         .         |
[    6.869005] cloud-init[1078]: ci-info: +--------+------+-----------------------------+---------------+--------+-------------------+
[    6.872728] cloud-init[1078]: ci-info: ++++++++++++++++++++++++++++Route IPv4 info++++++++++++++++++++++++++++
[    6.876457] cloud-init[1078]: ci-info: +-------+--------------+----------+---------------+-----------+-------+
[    6.878122] cloud-init[1078]: ci-info: | Route | Destination  | Gateway  |    Genmask    | Interface | Flags |
[    6.880518] cloud-init[1078]: ci-info: +-------+--------------+----------+---------------+-----------+-------+
[    6.884692] cloud-init[1078]: ci-info: |   0   |   0.0.0.0    | 10.0.2.2 |    0.0.0.0    |   enp0s3  |   UG  |
[    6.892809] cloud-init[1078]: ci-info: |   1   |   10.0.2.0   | 0.0.0.0  | 255.255.255.0 |   enp0s3  |   U   |
[    6.894857] cloud-init[1078]: ci-info: |   2   | 192.168.55.0 | 0.0.0.0  | 255.255.255.0 |   enp0s8  |   U   |
[    6.897066] cloud-init[1078]: ci-info: +-------+--------------+----------+---------------+-----------+-------+
[    6.899694] cloud-init[1078]: ci-info: +++++++++++++++++++Route IPv6 info+++++++++++++++++++
[    6.901937] cloud-init[1078]: ci-info: +-------+-------------+---------+-----------+-------+
[    6.903978] cloud-init[1078]: ci-info: | Route | Destination | Gateway | Interface | Flags |
[    6.905715] cloud-init[1078]: ci-info: +-------+-------------+---------+-----------+-------+
[    6.907840] cloud-init[1078]: ci-info: |   0   |  fe80::/64  |    ::   |   enp0s8  |   U   |
[    6.909983] [[0;32m  OK  [0m] Started Initial cloud-init job (metadata service crawler).
cloud-init[1078]: ci-info: |   1   |  fe80::/64  |    ::   |   enp0s3  |   U   |
[    6.913866] cloud-init[1078]: ci-info: |   4   |   ff00::/8  |    ::   |   enp0s8  |   U   |
[    6.914091] cloud-init[1078]: ci-info: |   5   |   ff00::/8  |    ::   |   enp0s3  |   U   |
[    6.916391] cloud-init[1078]: ci-info: +-------+-------------+---------+-----------+-------+
[[0;32m  OK  [0m] Reached target Cloud-config availability.
[[0;32m  OK  [0m] Reached target System Initialization.
[[0;32m  OK  [0m] Started Daily apt download activities.
         Starting Socket activation for snappy daemon.
[[0;32m  OK  [0m] Listening on UUID daemon activation socket.
[[0;32m  OK  [0m] Listening on D-Bus System Message Bus Socket.
[[0;32m  OK  [0m] Started Daily Cleanup of Temporary Directories.
         Starting LXD - unix socket.
[[0;32m  OK  [0m] Listening on ACPID Listen Socket.
[[0;32m  OK  [0m] Started Daily apt upgrade and clean activities.
[[0;32m  OK  [0m] Reached target Timers.
[[0;32m  OK  [0m] Started ACPI Events Check.
[[0;32m  OK  [0m] Reached target Paths.
[[0;32m  OK  [0m] Reached target Network is Online.
         Starting iSCSI initiator daemon (iscsid)...
[[0;32m  OK  [0m] Listening on Socket activation for snappy daemon.
[[0;32m  OK  [0m] Listening on LXD - unix socket.
[[0;32m  OK  [0m] Started iSCSI initiator daemon (iscsid).
         Starting Login to default iSCSI targets...
[[0;32m  OK  [0m] Reached target Sockets.
[[0;32m  OK  [0m] Reached target Basic System.
         Starting Virtualbox guest utils...
         Starting Accounts Service...
         Starting /etc/rc.local Compatibility...
         Starting LSB: Record successful boot for GRUB...
         Starting LXD - container startup/shutdown...
[[0;32m  OK  [0m] Started Deferred execution scheduler.
         Starting System Logging Service...
         Starting LSB: MD monitoring daemon...
[[0;32m  OK  [0m] Started Regular background program processing daemon.
[[0;32m  OK  [0m] Started D-Bus System Message Bus.
[[0;32m  OK  [0m] Started ACPI event daemon.
         Starting OpenBSD Secure Shell server...
         Starting Login Service...
[[0;32m  OK  [0m] Started FUSE filesystem for LXC.
         Starting Snappy daemon...
[[0;32m  OK  [0m] Started System Logging Service.
[[0;32m  OK  [0m] Started /etc/rc.local Compatibility.
[[0;32m  OK  [0m] Started Login to default iSCSI targets.
[[0;32m  OK  [0m] Started LXD - container startup/shutdown.
[[0;32m  OK  [0m] Started LSB: Record successful boot for GRUB.
[[0;32m  OK  [0m] Started OpenBSD Secure Shell server.
[[0;32m  OK  [0m] Started LSB: MD monitoring daemon.
         Starting Authenticate and Authorize Users to Run Privileged Tasks...
[[0;32m  OK  [0m] Reached target Remote File Systems (Pre).
[[0;32m  OK  [0m] Reached target Remote File Systems.
         Starting LSB: Set the CPU Frequency Scaling governor to "ondemand"...
         Starting LSB: daemon to balance interrupts for SMP systems...
         Starting LSB: automatic crash report generation...
         Starting Permit User Sessions...
[[0;32m  OK  [0m] Started Virtualbox guest utils.
[[0;32m  OK  [0m] Started Permit User Sessions.
[[0;32m  OK  [0m] Started Login Service.
[[0;32m  OK  [0m] Started Unattended Upgrades Shutdown.
         Starting Terminate Plymouth Boot Screen...
         Starting Hold until boot process finishes up...
[[0;32m  OK  [0m] Started LSB: Set the CPU Frequency Scaling governor to "ondemand".
[[0;32m  OK  [0m] Started LSB: daemon to balance interrupts for SMP systems.
[[0;32m  OK  [0m] Started LSB: automatic crash report generation.
[[0;32m  OK  [0m] Started Terminate Plymouth Boot Screen.
[[0;32m  OK  [0m] Started Hold until boot process finishes up.
[[0;32m  OK  [0m] Started Authenticate and Authorize Users to Run Privileged Tasks.
[[0;32m  OK  [0m] Started Accounts Service.
         Starting Set console scheme...
[[0;32m  OK  [0m] Started Getty on tty1.
[[0;32m  OK  [0m] Started Serial Getty on ttyS0.
[[0;32m  OK  [0m] Reached target Login Prompts.
[[0;32m  OK  [0m] Started Set console scheme.
[[0;32m  OK  [0m] Started Snappy daemon.
         Starting Wait until snapd is fully seeded...
[[0;32m  OK  [0m] Started Wait until snapd is fully seeded.
         Starting Apply the settings specified in cloud-config...
[[0;32m  OK  [0m] Reached target Multi-User System.
[[0;32m  OK  [0m] Reached target Graphical Interface.
         Starting Update UTMP about System Runlevel Changes...
[[0;32m  OK  [0m] Started Update UTMP about System Runlevel Changes.
[    7.841074] cloud-init[1340]: Cloud-init v. 19.1-1-gbaa47854-0ubuntu1~16.04.1 running 'modules:config' at Tue, 30 Jul 2019 06:25:52 +0000. Up 7.76 seconds.
[[0;32m  OK  [0m] Started Apply the settings specified in cloud-config.
         Starting Execute cloud user/final scripts...
[    8.228868] cloud-init[1353]: Cloud-init v. 19.1-1-gbaa47854-0ubuntu1~16.04.1 running 'modules:final' at Tue, 30 Jul 2019 06:25:52 +0000. Up 8.12 seconds.
[    8.231934] cloud-init[1353]: Cloud-init v. 19.1-1-gbaa47854-0ubuntu1~16.04.1 finished at Tue, 30 Jul 2019 06:25:52 +0000. Datasource DataSourceNoCloud [seed=/dev/sdb][dsmode=net].  Up 8.22 seconds
[[0;32m  OK  [0m] Started Execute cloud user/final scripts.
[[0;32m  OK  [0m] Reached target Cloud-init target.

Ubuntu 16.04.6 LTS beta ttyS0

beta login:          Stopping User Manager for UID 1000...
         Stopping Authenticate and Authorize Users to Run Privileged Tasks...
         Stopping ACPI event daemon...
[[0;32m  OK  [0m] Stopped target Timers.
[[0;32m  OK  [0m] Stopped Daily Cleanup of Temporary Directories.
[[0;32m  OK  [0m] Stopped Daily apt upgrade and clean activities.
[[0;32m  OK  [0m] Stopped Daily apt download activities.
[[0;32m  OK  [0m] Stopped target System Time Synchronized.
         Stopping High-performance, schema-free document-oriented database...
[[0;32m  OK  [0m] Closed Load/Save RF Kill Switch Status /dev/rfkill Watch.
[[0;32m  OK  [0m] Stopped target Graphical Interface.
         Stopping Accounts Service...
[[0;32m  OK  [0m] Stopped target Cloud-init target.
[[0;32m  OK  [0m] Stopped Execute cloud user/final scripts.
[[0;32m  OK  [0m] Stopped Apply the settings specified in cloud-config.
[[0;32m  OK  [0m] Stopped target Cloud-config availability.
         Stopping Session 2 of user vagrant.
[[0;32m  OK  [0m] Stopped target Multi-User System.
         Stopping LSB: Record successful boot for GRUB...
         Stopping FUSE filesystem for LXC...
         Stopping LSB: daemon to balance interrupts for SMP systems...
         Stopping Regular background program processing daemon...
         Stopping LSB: Set the CPU Frequency Scaling governor to "ondemand"...
[[0;32m  OK  [0m] Stopped target Login Prompts.
         Stopping Serial Getty on ttyS0...
         Stopping Getty on tty1...
         Stopping System Logging Service...
         Stopping OpenBSD Secure Shell server...
         Stopping Virtualbox guest utils...
         Stopping Deferred execution scheduler...
[[0;32m  OK  [0m] Stopped Wait until snapd is fully seeded.
         Stopping LXD - container startup/shutdown...
         Stopping Unattended Upgrades Shutdown...
         Stopping LSB: MD monitoring daemon...
         Stopping LSB: automatic crash report generation...
         Stopping D-Bus System Message Bus...
[[0;32m  OK  [0m] Unmounted /var/lib/lxcfs.
[[0;32m  OK  [0m] Stopped Accounts Service.
[[0;32m  OK  [0m] Stopped Deferred execution scheduler.
[[0;32m  OK  [0m] Stopped System Logging Service.
[[0;32m  OK  [0m] Stopped Regular background program processing daemon.
[[0;32m  OK  [0m] Stopped ACPI event daemon.
[[0;32m  OK  [0m] Stopped OpenBSD Secure Shell server.
[[0;32m  OK  [0m] Stopped Authenticate and Authorize Users to Run Privileged Tasks.
[[0;32m  OK  [0m] Stopped Unattended Upgrades Shutdown.
[[0;32m  OK  [0m] Stopped Getty on tty1.
[[0;32m  OK  [0m] Stopped Serial Getty on ttyS0.
[[0;32m  OK  [0m] Stopped High-performance, schema-free document-oriented database.
[[0;32m  OK  [0m] Stopped User Manager for UID 1000.
[[0;32m  OK  [0m] Stopped Session 2 of user vagrant.
[[0;32m  OK  [0m] Stopped D-Bus System Message Bus.
[[0;32m  OK  [0m] Stopped FUSE filesystem for LXC.
[[0;32m  OK  [0m] Stopped LXD - container startup/shutdown.
[[0;32m  OK  [0m] Stopped LSB: daemon to balance interrupts for SMP systems.
[[0;32m  OK  [0m] Stopped LSB: MD monitoring daemon.
[[0;32m  OK  [0m] Stopped LSB: automatic crash report generation.
[[0;32m  OK  [0m] Stopped Virtualbox guest utils.
[[0;32m  OK  [0m] Stopped LSB: Set the CPU Frequency Scaling governor to "ondemand".
[[0;32m  OK  [0m] Stopped LSB: Record successful boot for GRUB.
[[0;32m  OK  [0m] Removed slice User Slice of vagrant.
[[0;32m  OK  [0m] Removed slice system-serial\x2dgetty.slice.
         Stopping Permit User Sessions...
[[0;32m  OK  [0m] Removed slice system-getty.slice.
[[0;32m  OK  [0m] Stopped /etc/rc.local Compatibility.
         Stopping Login Service...
[[0;32m  OK  [0m] Stopped Permit User Sessions.
[[0;32m  OK  [0m] Stopped target Remote File Systems.
[[0;32m  OK  [0m] Stopped target Remote File Systems (Pre).
         Stopping Login to default iSCSI targets...
[[0;32m  OK  [0m] Stopped Login to default iSCSI targets.
         Stopping iSCSI initiator daemon (iscsid)...
[[0;32m  OK  [0m] Stopped Login Service.
[[0;32m  OK  [0m] Stopped iSCSI initiator daemon (iscsid).
[[0;32m  OK  [0m] Stopped target Network is Online.
[[0;32m  OK  [0m] Stopped target Network.
[[0;32m  OK  [0m] Stopped target User and Group Name Lookups.
[[0;32m  OK  [0m] Stopped target Basic System.
[[0;32m  OK  [0m] Stopped target Paths.
[[0;32m  OK  [0m] Stopped Forward Password Requests to Wall Directory Watch.
[[0;32m  OK  [0m] Stopped Dispatch Password Requests to Console Directory Watch.
[[0;32m  OK  [0m] Stopped ACPI Events Check.
[[0;32m  OK  [0m] Stopped target Slices.
[[0;32m  OK  [0m] Removed slice User and Session Slice.
[[0;32m  OK  [0m] Stopped target Sockets.
[[0;32m  OK  [0m] Closed ACPID Listen Socket.
[[0;32m  OK  [0m] Closed Socket activation for snappy daemon.
[[0;32m  OK  [0m] Closed LXD - unix socket.
[[0;32m  OK  [0m] Closed UUID daemon activation socket.
[[0;32m  OK  [0m] Closed Syslog Socket.
[[0;32m  OK  [0m] Closed D-Bus System Message Bus Socket.
[[0;32m  OK  [0m] Stopped target System Initialization.
         Stopping Update UTMP about System Boot/Shutdown...
         Stopping Load/Save Random Seed...
[[0;32m  OK  [0m] Stopped Initial cloud-init job (metadata service crawler).
         Stopping Raise network interfaces...
[[0;32m  OK  [0m] Stopped target Swap.
[[0;32m  OK  [0m] Stopped target Encrypted Volumes.
[[0;32m  OK  [0m] Stopped Load/Save Random Seed.
[[0;32m  OK  [0m] Stopped Update UTMP about System Boot/Shutdown.
[[0;32m  OK  [0m] Stopped Create Volatile Files and Directories.
[[0;32m  OK  [0m] Stopped Raise network interfaces.
[[0;32m  OK  [0m] Stopped Apply Kernel Variables.
[[0;32m  OK  [0m] Stopped target Network (Pre).
[[0;32m  OK  [0m] Stopped Initial cloud-init job (pre-networking).
[[0;32m  OK  [0m] Stopped target Local File Systems.
         Unmounting /vagrant...
         Unmounting /run/user/1000...
[[0;32m  OK  [0m] Stopped Load Kernel Modules.
[[0;32m  OK  [0m] Unmounted /run/user/1000.
[[0;32m  OK  [0m] Unmounted /vagrant.
[[0;32m  OK  [0m] Reached target Unmount All Filesystems.
[[0;32m  OK  [0m] Stopped target Local File Systems (Pre).
[[0;32m  OK  [0m] Stopped Create Static Device Nodes in /dev.
         Stopping Monitoring of LVM2 mirrors... dmeventd or progress polling...
[[0;32m  OK  [0m] Stopped Remount Root and Kernel File Systems.
[[0;32m  OK  [0m] Reached target Shutdown.
[ 1065.961634] reboot: Power down
own
