[    0.000000] Initializing cgroup subsys cpuset
[    0.000000] Initializing cgroup subsys cpu
[    0.000000] Initializing cgroup subsys cpuacct
[    0.000000] Linux version 4.4.0-154-generic (buildd@lgw01-amd64-049) (gcc version 5.4.0 20160609 (Ubuntu 5.4.0-6ubuntu1~16.04.10) ) #181-Ubuntu SMP Tue Jun 25 05:29:03 UTC 2019 (Ubuntu 4.4.0-154.181-generic 4.4.179)
[    0.000000] Command line: BOOT_IMAGE=/boot/vmlinuz-4.4.0-154-generic root=LABEL=cloudimg-rootfs ro console=tty1 console=ttyS0
[    0.000000] KERNEL supported cpus:
[    0.000000]   Intel GenuineIntel
[    0.000000]   AMD AuthenticAMD
[    0.000000]   Centaur CentaurHauls
[    0.000000] x86/fpu: xstate_offset[2]:  576, xstate_sizes[2]:  256
[    0.000000] x86/fpu: Supporting XSAVE feature 0x01: 'x87 floating point registers'
[    0.000000] x86/fpu: Supporting XSAVE feature 0x02: 'SSE registers'
[    0.000000] x86/fpu: Supporting XSAVE feature 0x04: 'AVX registers'
[    0.000000] x86/fpu: Enabled xstate features 0x7, context size is 832 bytes, using 'standard' format.
[    0.000000] e820: BIOS-provided physical RAM map:
[    0.000000] BIOS-e820: [mem 0x0000000000000000-0x000000000009fbff] usable
[    0.000000] BIOS-e820: [mem 0x000000000009fc00-0x000000000009ffff] reserved
[    0.000000] BIOS-e820: [mem 0x00000000000f0000-0x00000000000fffff] reserved
[    0.000000] BIOS-e820: [mem 0x0000000000100000-0x000000003ffeffff] usable
[    0.000000] BIOS-e820: [mem 0x000000003fff0000-0x000000003fffffff] ACPI data
[    0.000000] BIOS-e820: [mem 0x00000000fec00000-0x00000000fec00fff] reserved
[    0.000000] BIOS-e820: [mem 0x00000000fee00000-0x00000000fee00fff] reserved
[    0.000000] BIOS-e820: [mem 0x00000000fffc0000-0x00000000ffffffff] reserved
[    0.000000] NX (Execute Disable) protection: active
[    0.000000] SMBIOS 2.5 present.
[    0.000000] Hypervisor detected: KVM
[    0.000000] e820: last_pfn = 0x3fff0 max_arch_pfn = 0x400000000
[    0.000000] MTRR: Disabled
[    0.000000] x86/PAT: MTRRs disabled, skipping PAT initialization too.
[    0.000000] CPU MTRRs all blank - virtualized system.
[    0.000000] x86/PAT: Configuration [0-7]: WB  WT  UC- UC  WB  WT  UC- UC  
[    0.000000] found SMP MP-table at [mem 0x0009fff0-0x0009ffff] mapped at [ffff88000009fff0]
[    0.000000] Scanning 1 areas for low memory corruption
[    0.000000] RAMDISK: [mem 0x362fa000-0x37174fff]
[    0.000000] ACPI: Early table checksum verification disabled
[    0.000000] ACPI: RSDP 0x00000000000E0000 000024 (v02 VBOX  )
[    0.000000] ACPI: XSDT 0x000000003FFF0030 00003C (v01 VBOX   VBOXXSDT 00000001 ASL  00000061)
[    0.000000] ACPI: FACP 0x000000003FFF00F0 0000F4 (v04 VBOX   VBOXFACP 00000001 ASL  00000061)
[    0.000000] ACPI: DSDT 0x000000003FFF0470 0022EA (v02 VBOX   VBOXBIOS 00000002 INTL 20100528)
[    0.000000] ACPI: FACS 0x000000003FFF0200 000040
[    0.000000] ACPI: FACS 0x000000003FFF0200 000040
[    0.000000] ACPI: APIC 0x000000003FFF0240 00005C (v02 VBOX   VBOXAPIC 00000001 ASL  00000061)
[    0.000000] ACPI: SSDT 0x000000003FFF02A0 0001CC (v01 VBOX   VBOXCPUT 00000002 INTL 20100528)
[    0.000000] No NUMA configuration found
[    0.000000] Faking a node at [mem 0x0000000000000000-0x000000003ffeffff]
[    0.000000] NODE_DATA(0) allocated [mem 0x3ffeb000-0x3ffeffff]
[    0.000000] kvm-clock: Using msrs 4b564d01 and 4b564d00
[    0.000000] kvm-clock: cpu 0, msr 0:3ffe3001, primary cpu clock
[    0.000000] kvm-clock: using sched offset of 3818940390 cycles
[    0.000000] clocksource: kvm-clock: mask: 0xffffffffffffffff max_cycles: 0x1cd42e4dffb, max_idle_ns: 881590591483 ns
[    0.000000] Zone ranges:
[    0.000000]   DMA      [mem 0x0000000000001000-0x0000000000ffffff]
[    0.000000]   DMA32    [mem 0x0000000001000000-0x000000003ffeffff]
[    0.000000]   Normal   empty
[    0.000000]   Device   empty
[    0.000000] Movable zone start for each node
[    0.000000] Early memory node ranges
[    0.000000]   node   0: [mem 0x0000000000001000-0x000000000009efff]
[    0.000000]   node   0: [mem 0x0000000000100000-0x000000003ffeffff]
[    0.000000] Initmem setup node 0 [mem 0x0000000000001000-0x000000003ffeffff]
[    0.000000] ACPI: PM-Timer IO Port: 0x4008
[    0.000000] IOAPIC[0]: apic_id 2, version 32, address 0xfec00000, GSI 0-23
[    0.000000] ACPI: INT_SRC_OVR (bus 0 bus_irq 0 global_irq 2 dfl dfl)
[    0.000000] ACPI: INT_SRC_OVR (bus 0 bus_irq 9 global_irq 9 low level)
[    0.000000] Using ACPI (MADT) for SMP configuration information
[    0.000000] smpboot: Allowing 2 CPUs, 0 hotplug CPUs
[    0.000000] PM: Registered nosave memory: [mem 0x00000000-0x00000fff]
[    0.000000] PM: Registered nosave memory: [mem 0x0009f000-0x0009ffff]
[    0.000000] PM: Registered nosave memory: [mem 0x000a0000-0x000effff]
[    0.000000] PM: Registered nosave memory: [mem 0x000f0000-0x000fffff]
[    0.000000] e820: [mem 0x40000000-0xfebfffff] available for PCI devices
[    0.000000] Booting paravirtualized kernel on KVM
[    0.000000] clocksource: refined-jiffies: mask: 0xffffffff max_cycles: 0xffffffff, max_idle_ns: 7645519600211568 ns
[    0.000000] setup_percpu: NR_CPUS:512 nr_cpumask_bits:512 nr_cpu_ids:2 nr_node_ids:1
[    0.000000] PERCPU: Embedded 34 pages/cpu @ffff88003fc00000 s99480 r8192 d31592 u1048576
[    0.000000] Built 1 zonelists in Node order, mobility grouping on.  Total pages: 257912
[    0.000000] Policy zone: DMA32
[    0.000000] Kernel command line: BOOT_IMAGE=/boot/vmlinuz-4.4.0-154-generic root=LABEL=cloudimg-rootfs ro console=tty1 console=ttyS0
[    0.000000] PID hash table entries: 4096 (order: 3, 32768 bytes)
[    0.000000] Memory: 997732K/1048120K available (8613K kernel code, 1335K rwdata, 4028K rodata, 1484K init, 1284K bss, 50388K reserved, 0K cma-reserved)
[    0.000000] SLUB: HWalign=64, Order=0-3, MinObjects=0, CPUs=2, Nodes=1
[    0.000000] Kernel/User page tables isolation: enabled
[    0.000000] Hierarchical RCU implementation.
[    0.000000] 	Build-time adjustment of leaf fanout to 64.
[    0.000000] 	RCU restricting CPUs from NR_CPUS=512 to nr_cpu_ids=2.
[    0.000000] RCU: Adjusting geometry for rcu_fanout_leaf=64, nr_cpu_ids=2
[    0.000000] NR_IRQS:33024 nr_irqs:440 16
[    0.000000] Console: colour VGA+ 80x25
[    0.000000] console [tty1] enabled
[    0.000000] console [ttyS0] enabled
[    0.000000] tsc: Detected 2194.918 MHz processor
[    0.178367] Calibrating delay loop (skipped) preset value.. 4389.83 BogoMIPS (lpj=8779672)
[    0.180785] pid_max: default: 32768 minimum: 301
[    0.182173] ACPI: Core revision 20150930
[    0.184177] ACPI: 2 ACPI AML tables successfully acquired and loaded
[    0.186185] Security Framework initialized
[    0.187295] Yama: becoming mindful.
[    0.188878] AppArmor: AppArmor initialized
[    0.190313] Dentry cache hash table entries: 131072 (order: 8, 1048576 bytes)
[    0.194145] Inode-cache hash table entries: 65536 (order: 7, 524288 bytes)
[    0.196216] Mount-cache hash table entries: 2048 (order: 2, 16384 bytes)
[    0.198213] Mountpoint-cache hash table entries: 2048 (order: 2, 16384 bytes)
[    0.200362] Initializing cgroup subsys io
[    0.201826] Initializing cgroup subsys memory
[    0.203141] Initializing cgroup subsys devices
[    0.204442] Initializing cgroup subsys freezer
[    0.205733] Initializing cgroup subsys net_cls
[    0.207158] Initializing cgroup subsys perf_event
[    0.208615] Initializing cgroup subsys net_prio
[    0.209978] Initializing cgroup subsys hugetlb
[    0.211145] Initializing cgroup subsys pids
[    0.213304] mce: CPU supports 0 MCE banks
[    0.214728] Last level iTLB entries: 4KB 1024, 2MB 1024, 4MB 1024
[    0.216693] Last level dTLB entries: 4KB 1024, 2MB 1024, 4MB 1024, 1GB 4
[    0.218647] Spectre V2 : Mitigation: Full generic retpoline
[    0.220075] Spectre V2 : Spectre v2 / SpectreRSB mitigation: Filling RSB on context switch
[    0.222499] Speculative Store Bypass: Vulnerable
[    0.223809] MDS: Mitigation: Clear CPU buffers
[    0.227741] Freeing SMP alternatives memory: 36K
[    0.234527] ftrace: allocating 32299 entries in 127 pages
[    0.290936] smpboot: APIC(0) Converting physical 0 to logical package 0
[    0.293011] smpboot: Max logical packages: 1
[    0.294625] x2apic enabled
[    0.295721] Switched APIC routing to physical x2apic.
[    0.298280] ..TIMER: vector=0x30 apic1=0 pin1=2 apic2=-1 pin2=-1
[    0.405235] smpboot: CPU0: Intel(R) Core(TM) i7-4770HQ CPU @ 2.20GHz (family: 0x6, model: 0x46, stepping: 0x1)
[    0.408353] Performance Events: unsupported p6 CPU model 70 no PMU driver, software events only.
[    0.420921] KVM setup paravirtual spinlock
[    0.422956] x86: Booting SMP configuration:
[    0.424418] .... node  #0, CPUs:      #1
[    0.425888] kvm-clock: cpu 1, msr 0:3ffe3041, secondary cpu clock
[    0.428518] mce: CPU supports 0 MCE banks
[    0.431585] x86: Booted up 1 node, 2 CPUs
[    0.432932] smpboot: Total of 2 processors activated (8779.67 BogoMIPS)
[    0.435034] devtmpfs: initialized
[    0.438195] evm: security.selinux
[    0.439309] evm: security.SMACK64
[    0.440353] evm: security.SMACK64EXEC
[    0.441349] evm: security.SMACK64TRANSMUTE
[    0.442626] evm: security.SMACK64MMAP
[    0.443715] evm: security.ima
[    0.444744] evm: security.capability
[    0.446184] clocksource: jiffies: mask: 0xffffffff max_cycles: 0xffffffff, max_idle_ns: 7645041785100000 ns
[    0.448989] futex hash table entries: 512 (order: 3, 32768 bytes)
[    0.450778] pinctrl core: initialized pinctrl subsystem
[    0.452226] RTC time: 13:20:48, date: 07/30/19
[    0.453626] NET: Registered protocol family 16
[    0.465935] cpuidle: using governor ladder
[    0.478640] cpuidle: using governor menu
[    0.480405] PCCT header not found.
[    0.481989] ACPI: bus type PCI registered
[    0.483422] acpiphp: ACPI Hot Plug PCI Controller Driver version: 0.5
[    0.485639] PCI: Using configuration type 1 for base access
[    0.499152] ACPI: Added _OSI(Module Device)
[    0.500815] ACPI: Added _OSI(Processor Device)
[    0.502391] ACPI: Added _OSI(3.0 _SCP Extensions)
[    0.503955] ACPI: Added _OSI(Processor Aggregator Device)
[    0.506531] ACPI: Executed 1 blocks of module-level executable AML code
[    0.510358] ACPI: Interpreter enabled
[    0.511432] ACPI: (supports S0 S5)
[    0.512524] ACPI: Using IOAPIC for interrupt routing
[    0.514195] PCI: Using host bridge windows from ACPI; if necessary, use "pci=nocrs" and report a bug
[    0.521205] ACPI: PCI Root Bridge [PCI0] (domain 0000 [bus 00-ff])
[    0.522946] acpi PNP0A03:00: _OSC: OS supports [ASPM ClockPM Segments MSI]
[    0.525172] acpi PNP0A03:00: _OSC: not requesting OS control; OS requires [ExtendedConfig ASPM ClockPM MSI]
[    0.528076] acpi PNP0A03:00: fail to add MMCONFIG information, can't access extended PCI configuration space under this bridge.
[    0.531858] PCI host bridge to bus 0000:00
[    0.532976] pci_bus 0000:00: root bus resource [io  0x0000-0x0cf7 window]
[    0.534728] pci_bus 0000:00: root bus resource [io  0x0d00-0xffff window]
[    0.536512] pci_bus 0000:00: root bus resource [mem 0x000a0000-0x000bffff window]
[    0.538656] pci_bus 0000:00: root bus resource [mem 0x40000000-0xfdffffff window]
[    0.540765] pci_bus 0000:00: root bus resource [bus 00-ff]
[    0.545429] pci 0000:00:01.1: legacy IDE quirk: reg 0x10: [io  0x01f0-0x01f7]
[    0.547290] pci 0000:00:01.1: legacy IDE quirk: reg 0x14: [io  0x03f6]
[    0.549274] pci 0000:00:01.1: legacy IDE quirk: reg 0x18: [io  0x0170-0x0177]
[    0.551393] pci 0000:00:01.1: legacy IDE quirk: reg 0x1c: [io  0x0376]
[    0.569555] pci 0000:00:07.0: quirk: [io  0x4000-0x403f] claimed by PIIX4 ACPI
[    0.580821] pci 0000:00:07.0: quirk: [io  0x4100-0x410f] claimed by PIIX4 SMB
[    0.594126] ACPI: PCI Interrupt Link [LNKA] (IRQs 5 9 10 *11)
[    0.596346] ACPI: PCI Interrupt Link [LNKB] (IRQs 5 9 *10 11)
[    0.598681] ACPI: PCI Interrupt Link [LNKC] (IRQs 5 *9 10 11)
[    0.600641] ACPI: PCI Interrupt Link [LNKD] (IRQs 5 9 10 *11)
[    0.602918] ACPI: Enabled 2 GPEs in block 00 to 07
[    0.604776] vgaarb: setting as boot device: PCI:0000:00:02.0
[    0.606534] vgaarb: device added: PCI:0000:00:02.0,decodes=io+mem,owns=io+mem,locks=none
[    0.609026] vgaarb: loaded
[    0.609884] vgaarb: bridge control possible 0000:00:02.0
[    0.611509] SCSI subsystem initialized
[    0.612810] ACPI: bus type USB registered
[    0.614161] usbcore: registered new interface driver usbfs
[    0.615641] usbcore: registered new interface driver hub
[    0.617063] usbcore: registered new device driver usb
[    0.618643] PCI: Using ACPI for IRQ routing
[    0.620247] NetLabel: Initializing
[    0.621217] NetLabel:  domain hash size = 128
[    0.622420] NetLabel:  protocols = UNLABELED CIPSOv4
[    0.625441] NetLabel:  unlabeled traffic allowed by default
[    0.627355] amd_nb: Cannot enumerate AMD northbridges
[    0.628897] clocksource: Switched to clocksource kvm-clock
[    0.638582] AppArmor: AppArmor Filesystem Enabled
[    0.639996] pnp: PnP ACPI init
[    0.642090] pnp: PnP ACPI: found 3 devices
[    0.652995] clocksource: acpi_pm: mask: 0xffffff max_cycles: 0xffffff, max_idle_ns: 2085701024 ns
[    0.655817] NET: Registered protocol family 2
[    0.657115] TCP established hash table entries: 8192 (order: 4, 65536 bytes)
[    0.658980] TCP bind hash table entries: 8192 (order: 5, 131072 bytes)
[    0.660657] TCP: Hash tables configured (established 8192 bind 8192)
[    0.662361] UDP hash table entries: 512 (order: 2, 16384 bytes)
[    0.663843] UDP-Lite hash table entries: 512 (order: 2, 16384 bytes)
[    0.665573] NET: Registered protocol family 1
[    0.666929] pci 0000:00:00.0: Limiting direct PCI/PCI transfers
[    0.668597] pci 0000:00:01.0: Activating ISA DMA hang workarounds
[    0.670396] Unpacking initramfs...
[    0.888203] Freeing initrd memory: 14828K
[    0.889771] clocksource: tsc: mask: 0xffffffffffffffff max_cycles: 0x1fa37202099, max_idle_ns: 440795206796 ns
[    0.892867] platform rtc_cmos: registered platform RTC device (no PNP device found)
[    0.895033] Scanning for low memory corruption every 60 seconds
[    0.897190] audit: initializing netlink subsys (disabled)
[    0.898856] audit: type=2000 audit(1564492853.722:1): initialized
[    0.900572] Initialise system trusted keyring
[    0.902230] HugeTLB registered 2 MB page size, pre-allocated 0 pages
[    0.905144] zbud: loaded
[    0.906273] VFS: Disk quotas dquot_6.6.0
[    0.907502] VFS: Dquot-cache hash table entries: 512 (order 0, 4096 bytes)
[    0.909450] squashfs: version 4.0 (2009/01/31) Phillip Lougher
[    0.911208] fuse init (API version 7.23)
[    0.912434] Key type big_key registered
[    0.913555] Allocating IMA MOK and blacklist keyrings.
[    0.916256] Key type asymmetric registered
[    0.917433] Asymmetric key parser 'x509' registered
[    0.918749] Block layer SCSI generic (bsg) driver version 0.4 loaded (major 249)
[    0.920854] io scheduler noop registered
[    0.921979] io scheduler deadline registered (default)
[    0.923351] io scheduler cfq registered
[    0.924494] pci_hotplug: PCI Hot Plug PCI Core version: 0.5
[    0.925999] pciehp: PCI Express Hot Plug Controller Driver version: 0.4
[    0.928118] ACPI: AC Adapter [AC] (off-line)
[    0.929381] input: Power Button as /devices/LNXSYSTM:00/LNXPWRBN:00/input/input0
[    0.931391] ACPI: Power Button [PWRF]
[    0.932496] input: Sleep Button as /devices/LNXSYSTM:00/LNXSLPBN:00/input/input1
[    0.934601] ACPI: Sleep Button [SLPF]
[    0.935853] GHES: HEST is not enabled!
[    0.937001] ACPI: Battery Slot [BAT0] (battery present)
[    0.938750] Serial: 8250/16550 driver, 32 ports, IRQ sharing enabled
[    0.961108] 00:02: ttyS0 at I/O 0x3f8 (irq = 4, base_baud = 115200) is a 16550A
[    0.966259] Linux agpgart interface v0.103
[    0.969512] loop: module loaded
[    0.971350] scsi host0: ata_piix
[    0.972795] scsi host1: ata_piix
[    0.974075] ata1: PATA max UDMA/33 cmd 0x1f0 ctl 0x3f6 bmdma 0xd000 irq 14
[    0.975869] ata2: PATA max UDMA/33 cmd 0x170 ctl 0x376 bmdma 0xd008 irq 15
[    0.978109] libphy: Fixed MDIO Bus: probed
[    0.979301] tun: Universal TUN/TAP device driver, 1.6
[    0.980844] tun: (C) 1999-2004 Max Krasnyansky <maxk@qualcomm.com>
[    0.982630] PPP generic driver version 2.4.2
[    0.983970] ehci_hcd: USB 2.0 'Enhanced' Host Controller (EHCI) Driver
[    0.985662] ehci-pci: EHCI PCI platform driver
[    0.986875] ehci-platform: EHCI generic platform driver
[    0.988246] ohci_hcd: USB 1.1 'Open' Host Controller (OHCI) Driver
[    0.990140] ohci-pci: OHCI PCI platform driver
[    0.991333] ohci-platform: OHCI generic platform driver
[    0.992739] uhci_hcd: USB Universal Host Controller Interface driver
[    0.994826] i8042: PNP: PS/2 Controller [PNP0303:PS2K,PNP0f03:PS2M] at 0x60,0x64 irq 1,12
[    0.998049] serio: i8042 KBD port at 0x60,0x64 irq 1
[    0.999366] serio: i8042 AUX port at 0x60,0x64 irq 12
[    1.000996] mousedev: PS/2 mouse device common for all mice
[    1.002955] input: AT Translated Set 2 keyboard as /devices/platform/i8042/serio0/input/input2
[    1.005835] rtc_cmos rtc_cmos: rtc core: registered rtc_cmos as rtc0
[    1.007651] rtc_cmos rtc_cmos: alarms up to one day, 114 bytes nvram
[    1.009397] i2c /dev entries driver
[    1.010632] device-mapper: uevent: version 1.0.3
[    1.012019] device-mapper: ioctl: 4.34.0-ioctl (2015-10-28) initialised: dm-devel@redhat.com
[    1.014327] ledtrig-cpu: registered to indicate activity on CPUs
[    1.016307] NET: Registered protocol family 10
[    1.017958] NET: Registered protocol family 17
[    1.019263] Key type dns_resolver registered
[    1.021515] registered taskstats version 1
[    1.022649] Loading compiled-in X.509 certificates
[    1.024492] Loaded X.509 cert 'Build time autogenerated kernel key: 65139e04a67245b562a838c28b5e7032abdd4348'
[    1.027429] zswap: loaded using pool lzo/zbud
[    1.030919] Key type trusted registered
[    1.035617] Key type encrypted registered
[    1.036830] AppArmor: AppArmor sha1 policy hashing enabled
[    1.038476] ima: No TPM chip found, activating TPM-bypass!
[    1.040096] ima: Allocated hash algorithm: sha1
[    1.041487] evm: HMAC attrs: 0x1
[    1.043140]   Magic number: 11:909:332
[    1.044323] tty tty53: hash matches
[    1.045498] rtc_cmos rtc_cmos: setting system clock to 2019-07-30 13:20:48 UTC (1564492848)
[    1.048101] BIOS EDD facility v0.16 2004-Jun-25, 0 devices found
[    1.049677] EDD information not available.
[    1.134051] Freeing unused kernel memory: 1484K
[    1.135606] Write protecting the kernel read-only data: 14336k
[    1.138036] Freeing unused kernel memory: 1616K
[    1.139550] Freeing unused kernel memory: 68K
Loading, please wait...
starting version 229
[    1.154931] random: systemd-udevd: uninitialized urandom read (16 bytes read, 2 bits of entropy available)
[    1.155539] random: udevadm: uninitialized urandom read (16 bytes read, 2 bits of entropy available)
[    1.155555] random: udevadm: uninitialized urandom read (16 bytes read, 2 bits of entropy available)
[    1.162851] random: udevadm: uninitialized urandom read (16 bytes read, 2 bits of entropy available)
[    1.162884] random: systemd-udevd: uninitialized urandom read (16 bytes read, 2 bits of entropy available)
[    1.162894] random: systemd-udevd: uninitialized urandom read (16 bytes read, 2 bits of entropy available)
[    1.162905] random: systemd-udevd: uninitialized urandom read (16 bytes read, 2 bits of entropy available)
[    1.163599] random: systemd-udevd: uninitialized urandom read (16 bytes read, 2 bits of entropy available)
[    1.163612] random: systemd-udevd: uninitialized urandom read (16 bytes read, 2 bits of entropy available)
[    1.163618] random: systemd-udevd: uninitialized urandom read (16 bytes read, 2 bits of entropy available)
[    1.200376] e1000: Intel(R) PRO/1000 Network Driver - version 7.3.21-k8-NAPI
[    1.202667] e1000: Copyright (c) 1999-2006 Intel Corporation.
[    1.215049] Fusion MPT base driver 3.04.20
[    1.216426] Copyright (c) 1999-2008 LSI Corporation
[    1.236664] Fusion MPT SPI Host driver 3.04.20
[    1.240524] AVX2 version of gcm_enc/dec engaged.
[    1.241911] AES CTR mode by8 optimization enabled
[    1.420814] input: ImExPS/2 Generic Explorer Mouse as /devices/platform/i8042/serio1/input/input4
[    1.620445] e1000 0000:00:03.0 eth0: (PCI:33MHz:32-bit) 02:dc:27:67:22:a8
[    1.622788] e1000 0000:00:03.0 eth0: Intel(R) PRO/1000 Network Connection
[    1.625318] mptbase: ioc0: Initiating bringup
[    1.713489] ioc0: LSI53C1030 A0: Capabilities={Initiator}
[    2.307004] scsi host2: ioc0: LSI53C1030 A0, FwRev=00000000h, Ports=1, MaxQ=256, IRQ=20
[    2.454222] scsi 2:0:0:0: Direct-Access     VBOX     HARDDISK         1.0  PQ: 0 ANSI: 5
[    2.458640] scsi target2:0:0: Beginning Domain Validation
[    2.463358] scsi target2:0:0: Domain Validation skipping write tests
[    2.465397] scsi target2:0:0: Ending Domain Validation
[    2.467074] scsi target2:0:0: asynchronous
[    2.469168] scsi 2:0:1:0: Direct-Access     VBOX     HARDDISK         1.0  PQ: 0 ANSI: 5
[    2.471553] scsi target2:0:1: Beginning Domain Validation
[    2.475769] scsi target2:0:1: Domain Validation skipping write tests
[    2.477604] scsi target2:0:1: Ending Domain Validation
[    2.479154] scsi target2:0:1: asynchronous
[    2.493864] sd 2:0:0:0: Attached scsi generic sg0 type 0
[    2.495838] sd 2:0:0:0: [sda] 20971520 512-byte logical blocks: (10.7 GB/10.0 GiB)
[    2.508939] sd 2:0:1:0: [sdb] 20480 512-byte logical blocks: (10.5 MB/10.0 MiB)
[    2.511564] sd 2:0:1:0: Attached scsi generic sg1 type 0
[    2.513812] sd 2:0:1:0: [sdb] Write Protect is off
[    2.515516] sd 2:0:1:0: [sdb] Incomplete mode parameter data
[    2.517125] sd 2:0:1:0: [sdb] Assuming drive cache: write through
[    2.519056] sd 2:0:0:0: [sda] Write Protect is off
[    2.520994] sd 2:0:0:0: [sda] Incomplete mode parameter data
[    2.522603] sd 2:0:0:0: [sda] Assuming drive cache: write through
[    2.526307] sd 2:0:1:0: [sdb] Attached SCSI disk
[    2.527789]  sda: sda1
[    2.529492] sd 2:0:0:0: [sda] Attached SCSI disk
[    2.915364] e1000 0000:00:08.0 eth1: (PCI:33MHz:32-bit) 08:00:27:f5:49:57
[    2.917525] e1000 0000:00:08.0 eth1: Intel(R) PRO/1000 Network Connection
[    2.921520] e1000 0000:00:03.0 enp0s3: renamed from eth0
[    2.937389] e1000 0000:00:08.0 enp0s8: renamed from eth1
Begin: Loading essential drivers ... [    4.250128] md: linear personality registered for level -1
[    4.254627] md: multipath personality registered for level -4
[    4.259220] md: raid0 personality registered for level 0
[    4.264853] md: raid1 personality registered for level 1
[    4.337386] raid6: sse2x1   gen() 10114 MB/s
[    4.405668] raid6: sse2x1   xor()  7699 MB/s
[    4.473270] raid6: sse2x2   gen() 12594 MB/s
[    4.541391] raid6: sse2x2   xor()  8493 MB/s
[    4.613062] raid6: sse2x4   gen() 15494 MB/s
[    4.682971] raid6: sse2x4   xor() 10656 MB/s
[    4.749369] raid6: avx2x1   gen() 19387 MB/s
[    4.822775] raid6: avx2x2   gen() 24919 MB/s
[    4.889084] raid6: avx2x4   gen() 26331 MB/s
[    4.890447] raid6: using algorithm avx2x4 gen() 26331 MB/s
[    4.892182] raid6: using avx2x2 recovery algorithm
[    4.894935] xor: automatically using best checksumming function:
[    4.933030]    avx       : 28135.000 MB/sec
[    4.935860] async_tx: api initialized (async)
[    4.948499] md: raid6 personality registered for level 6
[    4.951319] md: raid5 personality registered for level 5
[    4.953091] md: raid4 personality registered for level 4
[    4.961610] md: raid10 personality registered for level 10
done.
Begin: Running /scripts/init-premount ... done.
Begin: Mounting root file system ... Begin: Running /scripts/local-top ... done.
Begin: Running /scripts/local-premount ... [    4.992776] Btrfs loaded
Scanning for Btrfs filesystems
done.
Warning: fsck not present, so skipping root file system
[    5.025625] EXT4-fs (sda1): mounted filesystem with ordered data mode. Opts: (null)
done.
Begin: Running /scripts/local-bottom ... done.
Begin: Running /scripts/init-bottom ... done.
[    5.116463] systemd[1]: systemd 229 running in system mode. (+PAM +AUDIT +SELINUX +IMA +APPARMOR +SMACK +SYSVINIT +UTMP +LIBCRYPTSETUP +GCRYPT +GNUTLS +ACL +XZ -LZ4 +SECCOMP +BLKID +ELFUTILS +KMOD -IDN)
[    5.121312] systemd[1]: Detected virtualization oracle.
[    5.122762] systemd[1]: Detected architecture x86-64.

Welcome to [1mUbuntu 16.04.6 LTS[0m!

[    5.174060] systemd[1]: Set hostname to <webapp>.
[    6.314204] systemd[1]: Started Trigger resolvconf update for networkd DNS.
[[0;32m  OK  [0m] Started Trigger resolvconf update for networkd DNS.
[    6.318147] systemd[1]: Listening on udev Control Socket.
[[0;32m  OK  [0m] Listening on udev Control Socket.
[    6.321022] systemd[1]: Listening on udev Kernel Socket.
[[0;32m  OK  [0m] Listening on udev Kernel Socket.
[    6.323826] systemd[1]: Reached target User and Group Name Lookups.
[[0;32m  OK  [0m] Reached target User and Group Name Lookups.
[    7.172833] systemd[1]: Listening on Journal Socket.
[[0;32m  OK  [0m] Listening on Journal Socket.
[    7.176350] systemd[1]: Created slice System Slice.
[[0;32m  OK  [0m] Created slice System Slice.
[    7.189600] systemd[1]: Starting Uncomplicated firewall...
         Starting Uncomplicated firewall...
[    7.195585] systemd[1]: Starting Load Kernel Modules...
         Starting Load Kernel Modules...
[    7.198455] systemd[1]: Listening on Device-mapper event daemon FIFOs.
[[0;32m  OK  [0m] Listening on Device-mapper event daemon FIFOs.
[    7.201971] systemd[1]: Listening on LVM2 metadata daemon socket.
[[0;32m  OK  [0m] Listening on LVM2 metadata daemon socket.
[    7.209700] systemd[1]: Starting Remount Root and Kernel File Systems...
         Starting Remount Root and Kernel File Systems...
[    7.213283] systemd[1]: Reached target Swap.
[[0;32m  OK  [0[    7.215078] Loading iSCSI transport class v2.0-870.
m] Reached target Swap.
[    7.217925] systemd[1]: Listening on Syslog Socket.
[[0;32m  OK  [0m] Listening on Syslog Socket.
[    7.221932] systemd[1]: Created slice system-serial\x2dgetty.slice.
[[0;32m  OK  [0m] Created slice system-serial\x2dgetty.slice.
[    7.225945] EXT4-fs (sda1): re-mounted. Opts: (null)
[    7.226044] systemd[1]: Mounting Debug File System...
         Mounting Debug File System...
[    7.230312] systemd[1]: Starting Monitoring of LVM2 mirrors, snapshots etc. using dmeventd or progress polling...
         Starting Monitoring of LVM2 mirrors... dmeventd [    7.235841] iscsi: registered transport (tcp)
or progress polling...
[    7.237768] systemd[1]: Reached target System Time Synchronized.
[[0;32m  OK  [0m] Reached target System Time Synchronized.
[    7.240908] systemd[1]: Started Forward Password Requests to Wall Directory Watch.
[[0;32m  OK  [0m] Started Forward Password Requests to Wall Directory Watch.
[    7.244840] systemd[1]: Listening on Journal Audit Socket.
[[0;32m  OK  [0m] Listening on Journal Audit Socket.
[    7.247934] systemd[1]: Set up automount Arbitrary Executable File Formats File System Automount Point.
[[0;32m  OK  [0m] Set up automount Arbitrary Executab...ats File System Automount Point.
[    7.269122] systemd[1]: Starting Nameserver information manager...
         Starting Nameserver information manager...
[    7.272364] systemd[1]: Listening on Journal Socket (/dev/log).
[[0;32m  OK  [0m] Listening on Journal Socket (/dev/log).
[    7.275588] iscsi: registered transport (iser)
[    7.275947] systemd[1]: Starting Journal Service...
         Starting Journal Service...
[    7.297430] systemd[1]: Starting Set console keymap...
         Starting Set console keymap...
[    7.305663] systemd[1]: Listening on /dev/initctl Compatibility Named Pipe.
[[0;32m  OK  [0m] Listening on /dev/initctl Compatibility Named Pipe.
[    7.309984] systemd[1]: Mounting POSIX Message Queue File System...
         Mounting POSIX Message Queue File System...
[    7.314547] systemd[1]: Reached target Encrypted Volumes.
[[0;32m  OK  [0m] Reached target Encrypted Volumes.
[    7.318230] systemd[1]: Starting Create list of required static device nodes for the current kernel...
         Starting Create list of required st... nodes for the current kernel...
[    7.323708] systemd[1]: Created slice User and Session Slice.
[[0;32m  OK  [0m] Created slice User and Session Slice.
[    7.327355] systemd[1]: Reached target Slices.
[[0;32m  OK  [0m] Reached target Slices.
[    7.330593] systemd[1]: Mounting Huge Pages File System...
         Mounting Huge Pages File System...
[    7.337298] systemd[1]: Listening on LVM2 poll daemon socket.
[[0;32m  OK  [0m] Listening on LVM2 poll daemon socket.
[    7.346748] systemd[1]: Mounted POSIX Message Queue File System.
[[0;32m  OK  [0m] Mounted POSIX Message Queue File System.
[    7.357739] systemd[1]: Mounted Debug File System.
[[0;32m  OK  [0m] Mounted Debug File System.
[    7.360746] systemd[1]: Mounted Huge Pages File System.
[[0;32m  OK  [0m] Mounted Huge Pages File System.
[    7.363958] systemd[1]: Started Journal Service.
[[0;32m  OK  [0m] Started Journal Service.
[[0;32m  OK  [0m] Started Uncomplicated firewall.
[[0;32m  OK  [0m] Started Load Kernel Modules.
[[0;32m  OK  [0m] Started Remount Root and Kernel File Systems.
[[0;32m  OK  [0m] Started Set console keymap.
[[0;32m  OK  [0m] Started Create list of required sta...ce nodes for the current kernel.
[[0;32m  OK  [0m] Started Nameserver information manager.
[[0;32m  OK  [0m] Started LVM2 metadata daemon.
         Starting Create Static Device Nodes in /dev...
         Starting udev Coldplug all Devices...
         Starting Load/Save Random Seed...
         Mounting FUSE Control File System...
         Starting Apply Kernel Variables...
         Starting Flush Journal to Persistent Storage...
[[0;32m  OK  [0m] Mounted FUSE Control File System.
[[0;32m  OK  [0m] Started Create Static Device Nodes in /dev.
[[0;32m  OK  [0m] Started Load/Save Random Seed.
[[0;32m  OK  [0m] Started Apply Kernel Variables.
[[0;32m  OK  [0m] Started udev Coldplug all Devices.
         Starting udev Kernel Device Manager...
[[0;32m  OK  [0m] Started Flush Journal to Persistent Storage.
[[0;32m  OK  [0m] Started udev Kernel Device Manager.
[[0;32m  OK  [0m] Started Dispatch Password Requests to Console Directory Watch.
[[0;32m  OK  [0m] Found device /dev/ttyS0.
[[0;32m  OK  [0m] Listening on Load/Save RF Kill Switch Status /dev/rfkill Watch.
[[0;32m  OK  [0m] Found device 82540EM Gigabit Ethern...r (PRO/1000 MT Desktop Adapter).
[[0;32m  OK  [0m] Found device 82540EM Gigabit Ethern...r (PRO/1000 MT Desktop Adapter).
[[0;32m  OK  [0m] Started Monitoring of LVM2 mirrors,...ng dmeventd or progress polling.
[[0;32m  OK  [0m] Reached target Local File Systems (Pre).
[[0;32m  OK  [0m] Reached target Local File Systems.
         Starting Tell Plymouth To Write Out Runtime Data...
         Starting Create Volatile Files and Directories...
         Starting LSB: AppArmor initialization...
         Starting Initial cloud-init job (pre-networking)...
         Starting Set console font and keymap...
[[0;32m  OK  [0m] Started Tell Plymouth To Write Out Runtime Data.
[[0;32m  OK  [0m] Started Create Volatile Files and Directories.
         Starting Update UTMP about System Boot/Shutdown...
[[0;32m  OK  [0m] Started Update UTMP about System Boot/Shutdown.
[[0;32m  OK  [0m] Started LSB: AppArmor initialization.
[[0;32m  OK  [0m] Started Set console font and keymap.
[[0;32m  OK  [0m] Created slice system-getty.slice.
[    8.806259] cloud-init[650]: Cloud-init v. 19.1-1-gbaa47854-0ubuntu1~16.04.1 running 'init-local' at Tue, 30 Jul 2019 13:20:56 +0000. Up 8.58 seconds.
[[0;32m  OK  [0m] Started Initial cloud-init job (pre-networking).
[[0;32m  OK  [0m] Reached target Network (Pre).
[[0;32m  OK  [0m] Started ifup for enp0s3.
         Starting Raise network interfaces...
[[0;32m  OK  [0m] Started ifup for enp0s8.
[[0;32m  OK  [0m] Started Raise network interfaces.
[[0;32m  OK  [0m] Reached target Network.
         Starting Initial cloud-init job (metadata service crawler)...
[    9.512605] cloud-init[1085]: Cloud-init v. 19.1-1-gbaa47854-0ubuntu1~16.04.1 running 'init' at Tue, 30 Jul 2019 13:20:57 +0000. Up 9.27 seconds.
[    9.515107] cloud-init[1085]: ci-info: ++++++++++++++++++++++++++++++++++++++Net device info+++++++++++++++++++++++++++++++++++++++
[    9.517875] cloud-init[1085]: ci-info: +--------+------+-----------------------------+---------------+--------+-------------------+
[    9.520585] cloud-init[1085]: ci-info: | Device |  Up  |           Address           |      Mask     | Scope  |     Hw-Address    |
[    9.523380] cloud-init[1085]: ci-info: +--------+------+-----------------------------+---------------+--------+-------------------+
[    9.525200] cloud-init[1085]: ci-info: | enp0s3 | True |          10.0.2.15          | 255.255.255.0 | global | 02:dc:27:67:22:a8 |
[    9.527370] cloud-init[1085]: ci-info: | enp0s3 | True |  fe80::dc:27ff:fe67:22a8/64 |       .       |  link  | 02:dc:27:67:22:a8 |
[    9.542439] cloud-init[1085]: ci-info: | enp0s8 | True |        192.168.55.10        | 255.255.255.0 | global | 08:00:27:f5:49:57 |
[    9.545048] cloud-init[1085]: ci-info: | enp0s8 | True | fe80::a00:27ff:fef5:4957/64 |       .       |  link  | 08:00:27:f5:49:57 |
[    9.556772] cloud-init[1085]: ci-info: |   lo   | True |          127.0.0.1          |   255.0.0.0   |  host  |         .         |
[    9.556915] cloud-init[1085]: ci-info: |   lo   | True |           ::1/128           |       .       |  host  |         .         |
[[0;32m  OK  [0m] Started Initial cloud-init job (metadata service crawler).
[    9.557192] cloud-init[1085]: ci-info: +--------+------+-----------------------------+---------------+--------+-------------------+
[    9.564548] cloud-init[1085]: ci-info: ++++++++++++++++++++++++++++Route IPv4 info++++++++++++++++++++++++++++
[    9.567235] cloud-init[1085]: ci-info: +-------+--------------+----------+---------------+-----------+-------+
[    9.569882] cloud-init[1085]: ci-info: | Route | Destination  | Gateway  |    Genmask    | Interface | Flags |
[    9.572202] cloud-init[1085]: ci-info: +-------+--------------+----------+---------------+-----------+-------+
[    9.572477] cloud-init[1085]: ci-info: |   0   |   0.0.0.0    | 10.0.2.2 |    0.0.0.0    |   enp0s3  |   UG  |
[    9.575187] cloud-init[1085]: ci-info: |   1   |   10.0.2.0   | 0.0.0.0  | 255.255.255.0 |   enp0s3  |   U   |
[    9.575976] cloud-init[1085]: ci-info: |   2   | 192.168.55.0 | 0.0.0.0  | 255.255.255.0 |   enp0s8  |   U   |
[    9.576111] cloud-init[1085]: ci-info: +-------+--------------+----------+---------------+-----------+-------+
[    9.577706] cloud-init[1085]: ci-info: +++++++++++++++++++Route IPv6 info+++++++++++++++++++
[    9.577855] cloud-init[1085]: ci-info: +-------+-------------+---------+-----------+-------+
[    9.577908] cloud-init[1085]: ci-info: | Route | Destination | Gateway | Interface | Flags |
[    9.577945] cloud-init[1085]: ci-info: +-------+-------------+---------+-----------+-------+
[    9.578221] cloud-init[1085]: ci-info: |   0   |  fe80::/64  |    ::   |   enp0s8  |   U   |
[    9.578251] cloud-init[1085]: ci-info: |   1   |  fe80::/64  |    ::   |   enp0s3  |   U   |
[    9.578283] cloud-init[1085]: ci-info: |   4   |   ff00::/8  |    ::   |   enp0s8  |   U   |
[    9.578314] cloud-init[1085]: ci-info: |   5   |   ff00::/8  |    ::   |   enp0s3  |   U   |
[    9.578480] cloud-init[1085]: ci-info: +-------+-------------+---------+-----------+-------+
[[0;32m  OK  [0m] Reached target System Initialization.
[[0;32m  OK  [0m] Started Daily apt download activities.
[[0;32m  OK  [0m] Started Daily apt upgrade and clean activities.
         Starting Socket activation for snappy daemon.
[[0;32m  OK  [0m] Listening on UUID daemon activation socket.
[[0;32m  OK  [0m] Listening on D-Bus System Message Bus Socket.
         Starting LXD - unix socket.
[[0;32m  OK  [0m] Started ACPI Events Check.
[[0;32m  OK  [0m] Reached target Paths.
[[0;32m  OK  [0m] Started Daily Cleanup of Temporary Directories.
[[0;32m  OK  [0m] Reached target Timers.
[[0;32m  OK  [0m] Listening on ACPID Listen Socket.
[[0;32m  OK  [0m] Reached target Network is Online.
         Starting iSCSI initiator daemon (iscsid)...
[[0;32m  OK  [0m] Reached target Cloud-config availability.
[[0;32m  OK  [0m] Listening on Socket activation for snappy daemon.
[[0;32m  OK  [0m] Listening on LXD - unix socket.
[[0;32m  OK  [0m] Reached target Sockets.
[[0;32m  OK  [0m] Reached target Basic System.
         Starting LXD - container startup/shutdown...
         Starting LSB: Record successful boot for GRUB...
         Starting /etc/rc.local Compatibility...
         Starting Accounts Service...
         Starting OpenBSD Secure Shell server...
[[0;32m  OK  [0m] Started ACPI event daemon.
         Starting System Logging Service...
         Starting Login Service...
[[0;32m  OK  [0m] Started Regular background program processing daemon.
[[0;32m  OK  [0m] Started D-Bus System Message Bus.
         Starting LSB: MD monitoring daemon...
[[0;32m  OK  [0m] Started Deferred execution scheduler.
         Starting Virtualbox guest utils...
[[0;32m  OK  [0m] Started FUSE filesystem for LXC.
         Starting Snappy daemon...
[[0;32m  OK  [0m] Started System Logging Service.
[[0;32m  OK  [0m] Started iSCSI initiator daemon (iscsid).
[[0;32m  OK  [0m] Started /etc/rc.local Compatibility.
[[0;32m  OK  [0m] Started OpenBSD Secure Shell server.
[[0;32m  OK  [0m] Started LSB: Record successful boot for GRUB.
[[0;32m  OK  [0m] Started LSB: MD monitoring daemon.
[[0;32m  OK  [0m] Started LXD - container startup/shutdown.
[[0;32m  OK  [0m] Started Login Service.
[[0;32m  OK  [0m] Started Unattended Upgrades Shutdown.
         Starting Authenticate and Authorize Users to Run Privileged Tasks...
         Starting Login to default iSCSI targets...
[[0;32m  OK  [0m] Started Authenticate and Authorize Users to Run Privileged Tasks.
[[0;32m  OK  [0m] Started Accounts Service.
[[0;32m  OK  [0m] Started Login to default iSCSI targets.
[[0;32m  OK  [0m] Reached target Remote File Systems (Pre).
[[0;32m  OK  [0m] Reached target Remote File Systems.
         Starting LSB: Set the CPU Frequency Scaling governor to "ondemand"...
         Starting Permit User Sessions...
         Starting LSB: automatic crash report generation...
         Starting LSB: daemon to balance interrupts for SMP systems...
[[0;32m  OK  [0m] Started Permit User Sessions.
         Starting Terminate Plymouth Boot Screen...
         Starting Hold until boot process finishes up...
[[0;32m  OK  [0m] Started Virtualbox guest utils.
[[0;32m  OK  [0m] Started LSB: Set the CPU Frequency Scaling governor to "ondemand".
[[0;32m  OK  [0m] Started LSB: daemon to balance interrupts for SMP systems.
[[0;32m  OK  [0m] Started Hold until boot process finishes up.
[[0;32m  OK  [0m] Started Terminate Plymouth Boot Screen.
         Starting Set console scheme...
[[0;32m  OK  [0m] Started Getty on tty1.
[[0;32m  OK  [0m] Started Serial Getty on ttyS0.
[[0;32m  OK  [0m] Reached target Login Prompts.
[[0;32m  OK  [0m] Started LSB: automatic crash report generation.
[[0;32m  OK  [0m] Started Set console scheme.
[[0;32m  OK  [0m] Started Snappy daemon.
         Starting Wait until snapd is fully seeded...
[[0;32m  OK  [0m] Started Wait until snapd is fully seeded.
         Starting Apply the settings specified in cloud-config...
[[0;32m  OK  [0m] Reached target Multi-User System.
[[0;32m  OK  [0m] Reached target Graphical Interface.
         Starting Update UTMP about System Runlevel Changes...
[[0;32m  OK  [0m] Started Update UTMP about System Runlevel Changes.
[   10.482876] cloud-init[1349]: Cloud-init v. 19.1-1-gbaa47854-0ubuntu1~16.04.1 running 'modules:config' at Tue, 30 Jul 2019 13:20:58 +0000. Up 10.39 seconds.
[[0;32m  OK  [0m] Started Apply the settings specified in cloud-config.
         Starting Execute cloud user/final scripts...
[   10.849308] cloud-init[1361]: Cloud-init v. 19.1-1-gbaa47854-0ubuntu1~16.04.1 running 'modules:final' at Tue, 30 Jul 2019 13:20:58 +0000. Up 10.76 seconds.
[   10.852374] cloud-init[1361]: Cloud-init v. 19.1-1-gbaa47854-0ubuntu1~16.04.1 finished at Tue, 30 Jul 2019 13:20:58 +0000. Datasource DataSourceNoCloud [seed=/dev/sdb][dsmode=net].  Up 10.84 seconds
[[0;32m  OK  [0m] Started Execute cloud user/final scripts.
[[0;32m  OK  [0m] Reached target Cloud-init target.

Ubuntu 16.04.6 LTS webapp ttyS0

webapp login: 